Command line invocation:
    /Applications/Xcode.app/Contents/Developer/usr/bin/xcodebuild -project MerjEQ.xcodeproj -configuration Debug build

ComputePackagePrebuildTargetDependencyGraph

Prepare packages

CreateBuildRequest

SendProjectDescription

CreateBuildOperation

ComputeTargetDependencyGraph
warning: Building targets in manual order is deprecated - check "Parallelize build for command-line builds" in the project editor, or set DISABLE_MANUAL_TARGET_ORDER_BUILD_WARNING in any of the targets in the current build to suppress this warning
note: Target dependency graph (6 targets)
    Target 'MerjEQ - All' in project 'MerjEQ'
        ➜ Explicit dependency on target 'MerjEQ - VST3' in project 'MerjEQ'
        ➜ Explicit dependency on target 'MerjEQ - AU' in project 'MerjEQ'
        ➜ Explicit dependency on target 'MerjEQ - Standalone Plugin' in project 'MerjEQ'
        ➜ Explicit dependency on target 'MerjEQ - Shared Code' in project 'MerjEQ'
        ➜ Explicit dependency on target 'MerjEQ - VST3 Manifest Helper' in project 'MerjEQ'
    Target 'MerjEQ - Standalone Plugin' in project 'MerjEQ'
        ➜ Explicit dependency on target 'MerjEQ - Shared Code' in project 'MerjEQ'
    Target 'MerjEQ - AU' in project 'MerjEQ'
        ➜ Explicit dependency on target 'MerjEQ - Shared Code' in project 'MerjEQ'
    Target 'MerjEQ - VST3' in project 'MerjEQ'
        ➜ Explicit dependency on target 'MerjEQ - Shared Code' in project 'MerjEQ'
        ➜ Explicit dependency on target 'MerjEQ - VST3 Manifest Helper' in project 'MerjEQ'
    Target 'MerjEQ - VST3 Manifest Helper' in project 'MerjEQ' (no dependencies)
    Target 'MerjEQ - Shared Code' in project 'MerjEQ' (no dependencies)

GatherProvisioningInputs

CreateBuildDescription

ExecuteExternalTool /Applications/Xcode.app/Contents/Developer/Toolchains/XcodeDefault.xctoolchain/usr/bin/clang -v -E -dM -arch arm64 -isysroot /Applications/Xcode.app/Contents/Developer/Platforms/MacOSX.platform/Developer/SDKs/MacOSX15.4.sdk -x objective-c++ -c /dev/null

ExecuteExternalTool /Applications/Xcode.app/Contents/Developer/Toolchains/XcodeDefault.xctoolchain/usr/bin/clang -v -E -dM -arch arm64 -isysroot /Applications/Xcode.app/Contents/Developer/Platforms/MacOSX.platform/Developer/SDKs/MacOSX15.4.sdk -x c++ -c /dev/null

ExecuteExternalTool /Applications/Xcode.app/Contents/Developer/Toolchains/XcodeDefault.xctoolchain/usr/bin/clang -v -E -dM -isysroot /Applications/Xcode.app/Contents/Developer/Platforms/MacOSX.platform/Developer/SDKs/MacOSX15.4.sdk -x c -c /dev/null

ExecuteExternalTool /Applications/Xcode.app/Contents/Developer/Toolchains/XcodeDefault.xctoolchain/usr/bin/ld -version_details

ExecuteExternalTool /Applications/Xcode.app/Contents/Developer/Toolchains/XcodeDefault.xctoolchain/usr/bin/clang -v -E -dM -arch arm64 -isysroot /Applications/Xcode.app/Contents/Developer/Platforms/MacOSX.platform/Developer/SDKs/MacOSX15.4.sdk -x c -c /dev/null

ExecuteExternalTool /Applications/Xcode.app/Contents/Developer/Toolchains/XcodeDefault.xctoolchain/usr/bin/libtool -V

ExecuteExternalTool /Applications/Xcode.app/Contents/Developer/Toolchains/XcodeDefault.xctoolchain/usr/bin/clang -v -E -dM -arch x86_64 -isysroot /Applications/Xcode.app/Contents/Developer/Platforms/MacOSX.platform/Developer/SDKs/MacOSX15.4.sdk -x c++ -c /dev/null

ExecuteExternalTool /Applications/Xcode.app/Contents/Developer/Toolchains/XcodeDefault.xctoolchain/usr/bin/clang -v -E -dM -arch x86_64 -isysroot /Applications/Xcode.app/Contents/Developer/Platforms/MacOSX.platform/Developer/SDKs/MacOSX15.4.sdk -x objective-c++ -c /dev/null

ExecuteExternalTool /Applications/Xcode.app/Contents/Developer/Toolchains/XcodeDefault.xctoolchain/usr/bin/clang -v -E -dM -arch x86_64 -isysroot /Applications/Xcode.app/Contents/Developer/Platforms/MacOSX.platform/Developer/SDKs/MacOSX15.4.sdk -x c -c /dev/null

Build description signature: fd6c39aa9446a19b9145074dd4170da0
Build description path: /Users/jeremeuh/Dev/PLUGINS/MerjEQ/Builds/MacOSX/build/XCBuildData/fd6c39aa9446a19b9145074dd4170da0.xcbuilddata
ClangStatCache /Applications/Xcode.app/Contents/Developer/Toolchains/XcodeDefault.xctoolchain/usr/bin/clang-stat-cache /Applications/Xcode.app/Contents/Developer/Platforms/MacOSX.platform/Developer/SDKs/MacOSX15.4.sdk /var/folders/sp/21dxgf6s089bnbz8bsmppv5m0000gn/C/com.apple.DeveloperTools/16.3-16E140/Xcode/SDKStatCaches.noindex/macosx15.4-24E241-88b860576fb364319593bd8fb30666b0.sdkstatcache
    cd /Users/jeremeuh/Dev/PLUGINS/MerjEQ/Builds/MacOSX/MerjEQ.xcodeproj
    /Applications/Xcode.app/Contents/Developer/Toolchains/XcodeDefault.xctoolchain/usr/bin/clang-stat-cache /Applications/Xcode.app/Contents/Developer/Platforms/MacOSX.platform/Developer/SDKs/MacOSX15.4.sdk -o /var/folders/sp/21dxgf6s089bnbz8bsmppv5m0000gn/C/com.apple.DeveloperTools/16.3-16E140/Xcode/SDKStatCaches.noindex/macosx15.4-24E241-88b860576fb364319593bd8fb30666b0.sdkstatcache
Base directory status changed. Regenerating...

WriteAuxiliaryFile /Users/jeremeuh/Dev/PLUGINS/MerjEQ/Builds/MacOSX/build/MerjEQ.build/Debug/MerjEQ\ -\ Shared\ Code.build/Objects-normal/x86_64/82b82416624d2658e5098eb0a28c15c5-common-args.resp (in target 'MerjEQ - Shared Code' from project 'MerjEQ')
    cd /Users/jeremeuh/Dev/PLUGINS/MerjEQ/Builds/MacOSX
    write-file /Users/jeremeuh/Dev/PLUGINS/MerjEQ/Builds/MacOSX/build/MerjEQ.build/Debug/MerjEQ\ -\ Shared\ Code.build/Objects-normal/x86_64/82b82416624d2658e5098eb0a28c15c5-common-args.resp
-target x86_64-apple-macos10.13 '-std=c++17' '-stdlib=libc++' '-D_LIBCPP_HARDENING_MODE=_LIBCPP_HARDENING_MODE_DEBUG' -fpascal-strings -O0 -fno-common '-D_DEBUG=1' '-DDEBUG=1' '-DJUCE_PROJUCER_VERSION=0x80007' '-DJUCE_MODULE_AVAILABLE_juce_audio_basics=1' '-DJUCE_MODULE_AVAILABLE_juce_audio_devices=1' '-DJUCE_MODULE_AVAILABLE_juce_audio_formats=1' '-DJUCE_MODULE_AVAILABLE_juce_audio_plugin_client=1' '-DJUCE_MODULE_AVAILABLE_juce_audio_processors=1' '-DJUCE_MODULE_AVAILABLE_juce_audio_utils=1' '-DJUCE_MODULE_AVAILABLE_juce_core=1' '-DJUCE_MODULE_AVAILABLE_juce_data_structures=1' '-DJUCE_MODULE_AVAILABLE_juce_dsp=1' '-DJUCE_MODULE_AVAILABLE_juce_events=1' '-DJUCE_MODULE_AVAILABLE_juce_graphics=1' '-DJUCE_MODULE_AVAILABLE_juce_gui_basics=1' '-DJUCE_MODULE_AVAILABLE_juce_gui_extra=1' '-DJUCE_GLOBAL_MODULE_SETTINGS_INCLUDED=1' '-DJUCE_VST3_CAN_REPLACE_VST2=0' '-DJUCE_STRICT_REFCOUNTEDPOINTER=1' '-DJucePlugin_Build_VST=0' '-DJucePlugin_Build_VST3=1' '-DJucePlugin_Build_AU=1' '-DJucePlugin_Build_AUv3=0' '-DJucePlugin_Build_AAX=0' '-DJucePlugin_Build_Standalone=1' '-DJucePlugin_Build_Unity=0' '-DJucePlugin_Build_LV2=0' '-DJucePlugin_Enable_IAA=0' '-DJucePlugin_Enable_ARA=0' '-DJucePlugin_Name="MerjEQ"' '-DJucePlugin_Desc="MerjEQ"' '-DJucePlugin_Manufacturer="yourcompany"' '-DJucePlugin_ManufacturerWebsite="www.yourcompany.com"' '-DJucePlugin_ManufacturerEmail=""' '-DJucePlugin_ManufacturerCode=0x4d616e75' '-DJucePlugin_PluginCode=0x4c736773' '-DJucePlugin_IsSynth=0' '-DJucePlugin_WantsMidiInput=0' '-DJucePlugin_ProducesMidiOutput=0' '-DJucePlugin_IsMidiEffect=0' '-DJucePlugin_EditorRequiresKeyboardFocus=0' '-DJucePlugin_Version=1.0.0' '-DJucePlugin_VersionCode=0x10000' '-DJucePlugin_VersionString="1.0.0"' '-DJucePlugin_VSTUniqueID=JucePlugin_PluginCode' '-DJucePlugin_VSTCategory=kPlugCategEffect' '-DJucePlugin_Vst3Category="Fx"' '-DJucePlugin_AUMainType='\'aufx\' '-DJucePlugin_AUSubType=JucePlugin_PluginCode' '-DJucePlugin_AUExportPrefix=MerjEQAU' '-DJucePlugin_AUExportPrefixQuoted="MerjEQAU"' '-DJucePlugin_AUManufacturerCode=JucePlugin_ManufacturerCode' '-DJucePlugin_CFBundleIdentifier=com.yourcompany.MerjEQ' '-DJucePlugin_AAXIdentifier=com.yourcompany.MerjEQ' '-DJucePlugin_AAXManufacturerCode=JucePlugin_ManufacturerCode' '-DJucePlugin_AAXProductId=JucePlugin_PluginCode' '-DJucePlugin_AAXCategory=0' '-DJucePlugin_AAXDisableBypass=0' '-DJucePlugin_AAXDisableMultiMono=0' '-DJucePlugin_IAAType=0x61757278' '-DJucePlugin_IAASubType=JucePlugin_PluginCode' '-DJucePlugin_IAAName="yourcompany: MerjEQ"' '-DJucePlugin_VSTNumMidiInputs=16' '-DJucePlugin_VSTNumMidiOutputs=16' '-DJucePlugin_ARAContentTypes=0' '-DJucePlugin_ARATransformationFlags=0' '-DJucePlugin_ARAFactoryID="com.yourcompany.MerjEQ.factory"' '-DJucePlugin_ARADocumentArchiveID="com.yourcompany.MerjEQ.aradocumentarchive.1.0.0"' '-DJucePlugin_ARACompatibleArchiveIDs=""' '-DJucePlugin_MaxNumInputChannels=2' '-DJucePlugin_MaxNumOutputChannels=2' '-DJucePlugin_PreferredChannelConfigurations={2,2}' '-DJUCE_STANDALONE_APPLICATION=JucePlugin_Build_Standalone' '-DJUCER_XCODE_MAC_F6D2F4CF=1' '-DJUCE_APP_VERSION=1.0.0' '-DJUCE_APP_VERSION_HEX=0x10000' '-DJUCE_SHARED_CODE=1' -isysroot /Applications/Xcode.app/Contents/Developer/Platforms/MacOSX.platform/Developer/SDKs/MacOSX15.4.sdk -fasm-blocks -g '-fvisibility=hidden' -fvisibility-inlines-hidden -I/Users/jeremeuh/Dev/PLUGINS/MerjEQ/Builds/MacOSX/build/Debug/include -I/Users/jeremeuh/Dev/JUCE/modules/juce_audio_processors/format_types/VST3_SDK -I/Users/jeremeuh/Dev/PLUGINS/MerjEQ/JuceLibraryCode -I/Users/jeremeuh/Dev/JUCE/modules -I/Users/jeremeuh/Dev/JUCE/modules/juce_audio_plugin_client/AU '-I/Users/jeremeuh/Dev/PLUGINS/MerjEQ/Builds/MacOSX/build/MerjEQ.build/Debug/MerjEQ - Shared Code.build/DerivedSources-normal/x86_64' '-I/Users/jeremeuh/Dev/PLUGINS/MerjEQ/Builds/MacOSX/build/MerjEQ.build/Debug/MerjEQ - Shared Code.build/DerivedSources/x86_64' '-I/Users/jeremeuh/Dev/PLUGINS/MerjEQ/Builds/MacOSX/build/MerjEQ.build/Debug/MerjEQ - Shared Code.build/DerivedSources' -F/Users/jeremeuh/Dev/PLUGINS/MerjEQ/Builds/MacOSX/build/Debug

WriteAuxiliaryFile /Users/jeremeuh/Dev/PLUGINS/MerjEQ/Builds/MacOSX/build/MerjEQ.build/Debug/MerjEQ\ -\ Shared\ Code.build/Objects-normal/arm64/82b82416624d2658e5098eb0a28c15c5-common-args.resp (in target 'MerjEQ - Shared Code' from project 'MerjEQ')
    cd /Users/jeremeuh/Dev/PLUGINS/MerjEQ/Builds/MacOSX
    write-file /Users/jeremeuh/Dev/PLUGINS/MerjEQ/Builds/MacOSX/build/MerjEQ.build/Debug/MerjEQ\ -\ Shared\ Code.build/Objects-normal/arm64/82b82416624d2658e5098eb0a28c15c5-common-args.resp
-target arm64-apple-macos10.13 '-std=c++17' '-stdlib=libc++' '-D_LIBCPP_HARDENING_MODE=_LIBCPP_HARDENING_MODE_DEBUG' -fpascal-strings -O0 -fno-common '-D_DEBUG=1' '-DDEBUG=1' '-DJUCE_PROJUCER_VERSION=0x80007' '-DJUCE_MODULE_AVAILABLE_juce_audio_basics=1' '-DJUCE_MODULE_AVAILABLE_juce_audio_devices=1' '-DJUCE_MODULE_AVAILABLE_juce_audio_formats=1' '-DJUCE_MODULE_AVAILABLE_juce_audio_plugin_client=1' '-DJUCE_MODULE_AVAILABLE_juce_audio_processors=1' '-DJUCE_MODULE_AVAILABLE_juce_audio_utils=1' '-DJUCE_MODULE_AVAILABLE_juce_core=1' '-DJUCE_MODULE_AVAILABLE_juce_data_structures=1' '-DJUCE_MODULE_AVAILABLE_juce_dsp=1' '-DJUCE_MODULE_AVAILABLE_juce_events=1' '-DJUCE_MODULE_AVAILABLE_juce_graphics=1' '-DJUCE_MODULE_AVAILABLE_juce_gui_basics=1' '-DJUCE_MODULE_AVAILABLE_juce_gui_extra=1' '-DJUCE_GLOBAL_MODULE_SETTINGS_INCLUDED=1' '-DJUCE_VST3_CAN_REPLACE_VST2=0' '-DJUCE_STRICT_REFCOUNTEDPOINTER=1' '-DJucePlugin_Build_VST=0' '-DJucePlugin_Build_VST3=1' '-DJucePlugin_Build_AU=1' '-DJucePlugin_Build_AUv3=0' '-DJucePlugin_Build_AAX=0' '-DJucePlugin_Build_Standalone=1' '-DJucePlugin_Build_Unity=0' '-DJucePlugin_Build_LV2=0' '-DJucePlugin_Enable_IAA=0' '-DJucePlugin_Enable_ARA=0' '-DJucePlugin_Name="MerjEQ"' '-DJucePlugin_Desc="MerjEQ"' '-DJucePlugin_Manufacturer="yourcompany"' '-DJucePlugin_ManufacturerWebsite="www.yourcompany.com"' '-DJucePlugin_ManufacturerEmail=""' '-DJucePlugin_ManufacturerCode=0x4d616e75' '-DJucePlugin_PluginCode=0x4c736773' '-DJucePlugin_IsSynth=0' '-DJucePlugin_WantsMidiInput=0' '-DJucePlugin_ProducesMidiOutput=0' '-DJucePlugin_IsMidiEffect=0' '-DJucePlugin_EditorRequiresKeyboardFocus=0' '-DJucePlugin_Version=1.0.0' '-DJucePlugin_VersionCode=0x10000' '-DJucePlugin_VersionString="1.0.0"' '-DJucePlugin_VSTUniqueID=JucePlugin_PluginCode' '-DJucePlugin_VSTCategory=kPlugCategEffect' '-DJucePlugin_Vst3Category="Fx"' '-DJucePlugin_AUMainType='\'aufx\' '-DJucePlugin_AUSubType=JucePlugin_PluginCode' '-DJucePlugin_AUExportPrefix=MerjEQAU' '-DJucePlugin_AUExportPrefixQuoted="MerjEQAU"' '-DJucePlugin_AUManufacturerCode=JucePlugin_ManufacturerCode' '-DJucePlugin_CFBundleIdentifier=com.yourcompany.MerjEQ' '-DJucePlugin_AAXIdentifier=com.yourcompany.MerjEQ' '-DJucePlugin_AAXManufacturerCode=JucePlugin_ManufacturerCode' '-DJucePlugin_AAXProductId=JucePlugin_PluginCode' '-DJucePlugin_AAXCategory=0' '-DJucePlugin_AAXDisableBypass=0' '-DJucePlugin_AAXDisableMultiMono=0' '-DJucePlugin_IAAType=0x61757278' '-DJucePlugin_IAASubType=JucePlugin_PluginCode' '-DJucePlugin_IAAName="yourcompany: MerjEQ"' '-DJucePlugin_VSTNumMidiInputs=16' '-DJucePlugin_VSTNumMidiOutputs=16' '-DJucePlugin_ARAContentTypes=0' '-DJucePlugin_ARATransformationFlags=0' '-DJucePlugin_ARAFactoryID="com.yourcompany.MerjEQ.factory"' '-DJucePlugin_ARADocumentArchiveID="com.yourcompany.MerjEQ.aradocumentarchive.1.0.0"' '-DJucePlugin_ARACompatibleArchiveIDs=""' '-DJucePlugin_MaxNumInputChannels=2' '-DJucePlugin_MaxNumOutputChannels=2' '-DJucePlugin_PreferredChannelConfigurations={2,2}' '-DJUCE_STANDALONE_APPLICATION=JucePlugin_Build_Standalone' '-DJUCER_XCODE_MAC_F6D2F4CF=1' '-DJUCE_APP_VERSION=1.0.0' '-DJUCE_APP_VERSION_HEX=0x10000' '-DJUCE_SHARED_CODE=1' -isysroot /Applications/Xcode.app/Contents/Developer/Platforms/MacOSX.platform/Developer/SDKs/MacOSX15.4.sdk -g '-fvisibility=hidden' -fvisibility-inlines-hidden -I/Users/jeremeuh/Dev/PLUGINS/MerjEQ/Builds/MacOSX/build/Debug/include -I/Users/jeremeuh/Dev/JUCE/modules/juce_audio_processors/format_types/VST3_SDK -I/Users/jeremeuh/Dev/PLUGINS/MerjEQ/JuceLibraryCode -I/Users/jeremeuh/Dev/JUCE/modules -I/Users/jeremeuh/Dev/JUCE/modules/juce_audio_plugin_client/AU '-I/Users/jeremeuh/Dev/PLUGINS/MerjEQ/Builds/MacOSX/build/MerjEQ.build/Debug/MerjEQ - Shared Code.build/DerivedSources-normal/arm64' '-I/Users/jeremeuh/Dev/PLUGINS/MerjEQ/Builds/MacOSX/build/MerjEQ.build/Debug/MerjEQ - Shared Code.build/DerivedSources/arm64' '-I/Users/jeremeuh/Dev/PLUGINS/MerjEQ/Builds/MacOSX/build/MerjEQ.build/Debug/MerjEQ - Shared Code.build/DerivedSources' -F/Users/jeremeuh/Dev/PLUGINS/MerjEQ/Builds/MacOSX/build/Debug

CompileC /Users/jeremeuh/Dev/PLUGINS/MerjEQ/Builds/MacOSX/build/MerjEQ.build/Debug/MerjEQ\ -\ Shared\ Code.build/Objects-normal/x86_64/PluginProcessor.o /Users/jeremeuh/Dev/PLUGINS/MerjEQ/Source/PluginProcessor.cpp normal x86_64 c++ com.apple.compilers.llvm.clang.1_0.compiler (in target 'MerjEQ - Shared Code' from project 'MerjEQ')
    cd /Users/jeremeuh/Dev/PLUGINS/MerjEQ/Builds/MacOSX
    
    Using response file: /Users/jeremeuh/Dev/PLUGINS/MerjEQ/Builds/MacOSX/build/MerjEQ.build/Debug/MerjEQ - Shared Code.build/Objects-normal/x86_64/82b82416624d2658e5098eb0a28c15c5-common-args.resp
    
    /Applications/Xcode.app/Contents/Developer/Toolchains/XcodeDefault.xctoolchain/usr/bin/clang -x c++ -ivfsstatcache /var/folders/sp/21dxgf6s089bnbz8bsmppv5m0000gn/C/com.apple.DeveloperTools/16.3-16E140/Xcode/SDKStatCaches.noindex/macosx15.4-24E241-88b860576fb364319593bd8fb30666b0.sdkstatcache -fmessage-length\=0 -fdiagnostics-show-note-include-stack -fmacro-backtrace-limit\=0 -fno-color-diagnostics -Wno-trigraphs -Wno-missing-field-initializers -Wno-missing-prototypes -Wunreachable-code -Wnon-virtual-dtor -Wno-overloaded-virtual -Wno-exit-time-destructors -Wno-missing-braces -Wparentheses -Wswitch -Wunused-function -Wno-unused-label -Wno-unused-parameter -Wunused-variable -Wunused-value -Wempty-body -Wuninitialized -Wno-unknown-pragmas -Wno-shadow -Wno-four-char-constants -Wno-conversion -Wconstant-conversion -Wint-conversion -Wbool-conversion -Wenum-conversion -Wno-float-conversion -Wnon-literal-null-conversion -Wobjc-literal-conversion -Wshorten-64-to-32 -Wno-newline-eof -Wno-c++11-extensions -Wno-implicit-fallthrough -fstrict-aliasing -Wdeprecated-declarations -Winvalid-offsetof -Wno-sign-conversion -Winfinite-recursion -Wmove -Wcomma -Wblock-capture-autoreleasing -Wstrict-prototypes -Wrange-loop-analysis -Wno-semicolon-before-method-body -Wreorder @/Users/jeremeuh/Dev/PLUGINS/MerjEQ/Builds/MacOSX/build/MerjEQ.build/Debug/MerjEQ\ -\ Shared\ Code.build/Objects-normal/x86_64/82b82416624d2658e5098eb0a28c15c5-common-args.resp -MMD -MT dependencies -MF /Users/jeremeuh/Dev/PLUGINS/MerjEQ/Builds/MacOSX/build/MerjEQ.build/Debug/MerjEQ\ -\ Shared\ Code.build/Objects-normal/x86_64/PluginProcessor.d --serialize-diagnostics /Users/jeremeuh/Dev/PLUGINS/MerjEQ/Builds/MacOSX/build/MerjEQ.build/Debug/MerjEQ\ -\ Shared\ Code.build/Objects-normal/x86_64/PluginProcessor.dia -c /Users/jeremeuh/Dev/PLUGINS/MerjEQ/Source/PluginProcessor.cpp -o /Users/jeremeuh/Dev/PLUGINS/MerjEQ/Builds/MacOSX/build/MerjEQ.build/Debug/MerjEQ\ -\ Shared\ Code.build/Objects-normal/x86_64/PluginProcessor.o
/Users/jeremeuh/Dev/PLUGINS/MerjEQ/Source/PluginProcessor.cpp:96:38: error: no matching constructor for initialization of 'juce::dsp::AudioBlock<float>'
   96 |         juce::dsp::AudioBlock<float> block(channelData, 1, buffer.getNumSamples());
      |                                      ^     ~~~~~~~~~~~~~~~~~~~~~~~~~~~~~~~~~~~~~~
In file included from /Users/jeremeuh/Dev/PLUGINS/MerjEQ/Source/PluginProcessor.cpp:9:
In file included from /Users/jeremeuh/Dev/PLUGINS/MerjEQ/Source/PluginProcessor.h:11:
In file included from /Users/jeremeuh/Dev/PLUGINS/MerjEQ/JuceLibraryCode/JuceHeader.h:24:
In file included from /Users/jeremeuh/Dev/JUCE/modules/juce_dsp/juce_dsp.h:261:
/Users/jeremeuh/Dev/JUCE/modules/juce_dsp/containers/juce_AudioBlock.h:100:15: note: candidate constructor not viable: no known conversion from 'float *' to 'float *const *' for 1st argument; take the address of the argument with &
  100 |     constexpr AudioBlock (SampleType* const* channelData,
      |               ^           ~~~~~~~~~~~~~~~~~~~~~~~~~~~~~~
/Users/jeremeuh/Dev/JUCE/modules/juce_dsp/containers/juce_AudioBlock.h:127:5: note: candidate constructor not viable: no known conversion from 'float *' to 'HeapBlock<char> &' for 1st argument
  127 |     AudioBlock (HeapBlock<char>& heapBlockToUseForAllocation,
      |     ^           ~~~~~~~~~~~~~~~~~~~~~~~~~~~~~~~~~~~~~~~~~~~~
/Users/jeremeuh/Dev/JUCE/modules/juce_dsp/containers/juce_AudioBlock.h:185:5: note: candidate constructor template not viable: requires 2 arguments, but 3 were provided
  185 |     AudioBlock (AudioBuffer<OtherSampleType>& buffer, size_t startSampleIndex) noexcept
      |     ^           ~~~~~~~~~~~~~~~~~~~~~~~~~~~~~~~~~~~~~~~~~~~~~~~~~~~~~~~~~~~~~
/Users/jeremeuh/Dev/JUCE/modules/juce_dsp/containers/juce_AudioBlock.h:113:15: note: candidate constructor not viable: requires 4 arguments, but 3 were provided
  113 |     constexpr AudioBlock (SampleType* const* channelData, size_t numberOfChannels,
      |               ^           ~~~~~~~~~~~~~~~~~~~~~~~~~~~~~~~~~~~~~~~~~~~~~~~~~~~~~~~~
  114 |                           size_t startSampleIndex, size_t numberOfSamples) noexcept
      |                           ~~~~~~~~~~~~~~~~~~~~~~~~~~~~~~~~~~~~~~~~~~~~~~~
/Users/jeremeuh/Dev/JUCE/modules/juce_dsp/containers/juce_AudioBlock.h:159:15: note: candidate constructor template not viable: requires single argument 'buffer', but 3 arguments were provided
  159 |     constexpr AudioBlock (AudioBuffer<OtherSampleType>& buffer) noexcept
      |               ^           ~~~~~~~~~~~~~~~~~~~~~~~~~~~~~~~~~~~~
/Users/jeremeuh/Dev/JUCE/modules/juce_dsp/containers/juce_AudioBlock.h:172:15: note: candidate constructor template not viable: requires single argument 'buffer', but 3 arguments were provided
  172 |     constexpr AudioBlock (const AudioBuffer<OtherSampleType>& buffer) noexcept
      |               ^           ~~~~~~~~~~~~~~~~~~~~~~~~~~~~~~~~~~~~~~~~~~
/Users/jeremeuh/Dev/JUCE/modules/juce_dsp/containers/juce_AudioBlock.h:194:5: note: candidate constructor not viable: requires single argument 'other', but 3 arguments were provided
  194 |     AudioBlock (const AudioBlock& other) noexcept = default;
      |     ^           ~~~~~~~~~~~~~~~~~~~~~~~
/Users/jeremeuh/Dev/JUCE/modules/juce_dsp/containers/juce_AudioBlock.h:198:5: note: candidate constructor template not viable: requires single argument 'other', but 3 arguments were provided
  198 |     AudioBlock (const AudioBlock<OtherSampleType>& other) noexcept
      |     ^           ~~~~~~~~~~~~~~~~~~~~~~~~~~~~~~~~~~~~~~~~
/Users/jeremeuh/Dev/JUCE/modules/juce_dsp/containers/juce_AudioBlock.h:93:5: note: candidate constructor not viable: requires 0 arguments, but 3 were provided
   93 |     AudioBlock() noexcept = default;
      |     ^

CompileC /Users/jeremeuh/Dev/PLUGINS/MerjEQ/Builds/MacOSX/build/MerjEQ.build/Debug/MerjEQ\ -\ Shared\ Code.build/Objects-normal/arm64/PluginProcessor.o /Users/jeremeuh/Dev/PLUGINS/MerjEQ/Source/PluginProcessor.cpp normal arm64 c++ com.apple.compilers.llvm.clang.1_0.compiler (in target 'MerjEQ - Shared Code' from project 'MerjEQ')
    cd /Users/jeremeuh/Dev/PLUGINS/MerjEQ/Builds/MacOSX
    
    Using response file: /Users/jeremeuh/Dev/PLUGINS/MerjEQ/Builds/MacOSX/build/MerjEQ.build/Debug/MerjEQ - Shared Code.build/Objects-normal/arm64/82b82416624d2658e5098eb0a28c15c5-common-args.resp
    
    /Applications/Xcode.app/Contents/Developer/Toolchains/XcodeDefault.xctoolchain/usr/bin/clang -x c++ -ivfsstatcache /var/folders/sp/21dxgf6s089bnbz8bsmppv5m0000gn/C/com.apple.DeveloperTools/16.3-16E140/Xcode/SDKStatCaches.noindex/macosx15.4-24E241-88b860576fb364319593bd8fb30666b0.sdkstatcache -fmessage-length\=0 -fdiagnostics-show-note-include-stack -fmacro-backtrace-limit\=0 -fno-color-diagnostics -Wno-trigraphs -Wno-missing-field-initializers -Wno-missing-prototypes -Wunreachable-code -Wnon-virtual-dtor -Wno-overloaded-virtual -Wno-exit-time-destructors -Wno-missing-braces -Wparentheses -Wswitch -Wunused-function -Wno-unused-label -Wno-unused-parameter -Wunused-variable -Wunused-value -Wempty-body -Wuninitialized -Wno-unknown-pragmas -Wno-shadow -Wno-four-char-constants -Wno-conversion -Wconstant-conversion -Wint-conversion -Wbool-conversion -Wenum-conversion -Wno-float-conversion -Wnon-literal-null-conversion -Wobjc-literal-conversion -Wshorten-64-to-32 -Wno-newline-eof -Wno-c++11-extensions -Wno-implicit-fallthrough -fstrict-aliasing -Wdeprecated-declarations -Winvalid-offsetof -Wno-sign-conversion -Winfinite-recursion -Wmove -Wcomma -Wblock-capture-autoreleasing -Wstrict-prototypes -Wrange-loop-analysis -Wno-semicolon-before-method-body -Wreorder @/Users/jeremeuh/Dev/PLUGINS/MerjEQ/Builds/MacOSX/build/MerjEQ.build/Debug/MerjEQ\ -\ Shared\ Code.build/Objects-normal/arm64/82b82416624d2658e5098eb0a28c15c5-common-args.resp -MMD -MT dependencies -MF /Users/jeremeuh/Dev/PLUGINS/MerjEQ/Builds/MacOSX/build/MerjEQ.build/Debug/MerjEQ\ -\ Shared\ Code.build/Objects-normal/arm64/PluginProcessor.d --serialize-diagnostics /Users/jeremeuh/Dev/PLUGINS/MerjEQ/Builds/MacOSX/build/MerjEQ.build/Debug/MerjEQ\ -\ Shared\ Code.build/Objects-normal/arm64/PluginProcessor.dia -c /Users/jeremeuh/Dev/PLUGINS/MerjEQ/Source/PluginProcessor.cpp -o /Users/jeremeuh/Dev/PLUGINS/MerjEQ/Builds/MacOSX/build/MerjEQ.build/Debug/MerjEQ\ -\ Shared\ Code.build/Objects-normal/arm64/PluginProcessor.o
/Users/jeremeuh/Dev/PLUGINS/MerjEQ/Source/PluginProcessor.cpp:96:38: error: no matching constructor for initialization of 'juce::dsp::AudioBlock<float>'
   96 |         juce::dsp::AudioBlock<float> block(channelData, 1, buffer.getNumSamples());
      |                                      ^     ~~~~~~~~~~~~~~~~~~~~~~~~~~~~~~~~~~~~~~
In file included from /Users/jeremeuh/Dev/PLUGINS/MerjEQ/Source/PluginProcessor.cpp:9:
In file included from /Users/jeremeuh/Dev/PLUGINS/MerjEQ/Source/PluginProcessor.h:11:
In file included from /Users/jeremeuh/Dev/PLUGINS/MerjEQ/JuceLibraryCode/JuceHeader.h:24:
In file included from /Users/jeremeuh/Dev/JUCE/modules/juce_dsp/juce_dsp.h:261:
/Users/jeremeuh/Dev/JUCE/modules/juce_dsp/containers/juce_AudioBlock.h:100:15: note: candidate constructor not viable: no known conversion from 'float *' to 'float *const *' for 1st argument; take the address of the argument with &
  100 |     constexpr AudioBlock (SampleType* const* channelData,
      |               ^           ~~~~~~~~~~~~~~~~~~~~~~~~~~~~~~
/Users/jeremeuh/Dev/JUCE/modules/juce_dsp/containers/juce_AudioBlock.h:127:5: note: candidate constructor not viable: no known conversion from 'float *' to 'HeapBlock<char> &' for 1st argument
  127 |     AudioBlock (HeapBlock<char>& heapBlockToUseForAllocation,
      |     ^           ~~~~~~~~~~~~~~~~~~~~~~~~~~~~~~~~~~~~~~~~~~~~
/Users/jeremeuh/Dev/JUCE/modules/juce_dsp/containers/juce_AudioBlock.h:185:5: note: candidate constructor template not viable: requires 2 arguments, but 3 were provided
  185 |     AudioBlock (AudioBuffer<OtherSampleType>& buffer, size_t startSampleIndex) noexcept
      |     ^           ~~~~~~~~~~~~~~~~~~~~~~~~~~~~~~~~~~~~~~~~~~~~~~~~~~~~~~~~~~~~~
/Users/jeremeuh/Dev/JUCE/modules/juce_dsp/containers/juce_AudioBlock.h:113:15: note: candidate constructor not viable: requires 4 arguments, but 3 were provided
  113 |     constexpr AudioBlock (SampleType* const* channelData, size_t numberOfChannels,
      |               ^           ~~~~~~~~~~~~~~~~~~~~~~~~~~~~~~~~~~~~~~~~~~~~~~~~~~~~~~~~
  114 |                           size_t startSampleIndex, size_t numberOfSamples) noexcept
      |                           ~~~~~~~~~~~~~~~~~~~~~~~~~~~~~~~~~~~~~~~~~~~~~~~
/Users/jeremeuh/Dev/JUCE/modules/juce_dsp/containers/juce_AudioBlock.h:159:15: note: candidate constructor template not viable: requires single argument 'buffer', but 3 arguments were provided
  159 |     constexpr AudioBlock (AudioBuffer<OtherSampleType>& buffer) noexcept
      |               ^           ~~~~~~~~~~~~~~~~~~~~~~~~~~~~~~~~~~~~
/Users/jeremeuh/Dev/JUCE/modules/juce_dsp/containers/juce_AudioBlock.h:172:15: note: candidate constructor template not viable: requires single argument 'buffer', but 3 arguments were provided
  172 |     constexpr AudioBlock (const AudioBuffer<OtherSampleType>& buffer) noexcept
      |               ^           ~~~~~~~~~~~~~~~~~~~~~~~~~~~~~~~~~~~~~~~~~~
/Users/jeremeuh/Dev/JUCE/modules/juce_dsp/containers/juce_AudioBlock.h:194:5: note: candidate constructor not viable: requires single argument 'other', but 3 arguments were provided
  194 |     AudioBlock (const AudioBlock& other) noexcept = default;
      |     ^           ~~~~~~~~~~~~~~~~~~~~~~~
/Users/jeremeuh/Dev/JUCE/modules/juce_dsp/containers/juce_AudioBlock.h:198:5: note: candidate constructor template not viable: requires single argument 'other', but 3 arguments were provided
  198 |     AudioBlock (const AudioBlock<OtherSampleType>& other) noexcept
      |     ^           ~~~~~~~~~~~~~~~~~~~~~~~~~~~~~~~~~~~~~~~~
/Users/jeremeuh/Dev/JUCE/modules/juce_dsp/containers/juce_AudioBlock.h:93:5: note: candidate constructor not viable: requires 0 arguments, but 3 were provided
   93 |     AudioBlock() noexcept = default;
      |     ^
1 error generated.

CompileC /Users/jeremeuh/Dev/PLUGINS/MerjEQ/Builds/MacOSX/build/MerjEQ.build/Debug/MerjEQ\ -\ Shared\ Code.build/Objects-normal/arm64/BinaryData.o /Users/jeremeuh/Dev/PLUGINS/MerjEQ/JuceLibraryCode/BinaryData.cpp normal arm64 c++ com.apple.compilers.llvm.clang.1_0.compiler (in target 'MerjEQ - Shared Code' from project 'MerjEQ')
    cd /Users/jeremeuh/Dev/PLUGINS/MerjEQ/Builds/MacOSX
    
    Using response file: /Users/jeremeuh/Dev/PLUGINS/MerjEQ/Builds/MacOSX/build/MerjEQ.build/Debug/MerjEQ - Shared Code.build/Objects-normal/arm64/82b82416624d2658e5098eb0a28c15c5-common-args.resp
    
    /Applications/Xcode.app/Contents/Developer/Toolchains/XcodeDefault.xctoolchain/usr/bin/clang -x c++ -ivfsstatcache /var/folders/sp/21dxgf6s089bnbz8bsmppv5m0000gn/C/com.apple.DeveloperTools/16.3-16E140/Xcode/SDKStatCaches.noindex/macosx15.4-24E241-88b860576fb364319593bd8fb30666b0.sdkstatcache -fmessage-length\=0 -fdiagnostics-show-note-include-stack -fmacro-backtrace-limit\=0 -fno-color-diagnostics -Wno-trigraphs -Wno-missing-field-initializers -Wno-missing-prototypes -Wunreachable-code -Wnon-virtual-dtor -Wno-overloaded-virtual -Wno-exit-time-destructors -Wno-missing-braces -Wparentheses -Wswitch -Wunused-function -Wno-unused-label -Wno-unused-parameter -Wunused-variable -Wunused-value -Wempty-body -Wuninitialized -Wno-unknown-pragmas -Wno-shadow -Wno-four-char-constants -Wno-conversion -Wconstant-conversion -Wint-conversion -Wbool-conversion -Wenum-conversion -Wno-float-conversion -Wnon-literal-null-conversion -Wobjc-literal-conversion -Wshorten-64-to-32 -Wno-newline-eof -Wno-c++11-extensions -Wno-implicit-fallthrough -fstrict-aliasing -Wdeprecated-declarations -Winvalid-offsetof -Wno-sign-conversion -Winfinite-recursion -Wmove -Wcomma -Wblock-capture-autoreleasing -Wstrict-prototypes -Wrange-loop-analysis -Wno-semicolon-before-method-body -Wreorder @/Users/jeremeuh/Dev/PLUGINS/MerjEQ/Builds/MacOSX/build/MerjEQ.build/Debug/MerjEQ\ -\ Shared\ Code.build/Objects-normal/arm64/82b82416624d2658e5098eb0a28c15c5-common-args.resp -MMD -MT dependencies -MF /Users/jeremeuh/Dev/PLUGINS/MerjEQ/Builds/MacOSX/build/MerjEQ.build/Debug/MerjEQ\ -\ Shared\ Code.build/Objects-normal/arm64/BinaryData.d --serialize-diagnostics /Users/jeremeuh/Dev/PLUGINS/MerjEQ/Builds/MacOSX/build/MerjEQ.build/Debug/MerjEQ\ -\ Shared\ Code.build/Objects-normal/arm64/BinaryData.dia -c /Users/jeremeuh/Dev/PLUGINS/MerjEQ/JuceLibraryCode/BinaryData.cpp -o /Users/jeremeuh/Dev/PLUGINS/MerjEQ/Builds/MacOSX/build/MerjEQ.build/Debug/MerjEQ\ -\ Shared\ Code.build/Objects-normal/arm64/BinaryData.o

WriteAuxiliaryFile /Users/jeremeuh/Dev/PLUGINS/MerjEQ/Builds/MacOSX/build/MerjEQ.build/Debug/MerjEQ\ -\ Shared\ Code.build/Objects-normal/x86_64/7187679823f38a2a940e0043cdf9d637-common-args.resp (in target 'MerjEQ - Shared Code' from project 'MerjEQ')
    cd /Users/jeremeuh/Dev/PLUGINS/MerjEQ/Builds/MacOSX
    write-file /Users/jeremeuh/Dev/PLUGINS/MerjEQ/Builds/MacOSX/build/MerjEQ.build/Debug/MerjEQ\ -\ Shared\ Code.build/Objects-normal/x86_64/7187679823f38a2a940e0043cdf9d637-common-args.resp
-target x86_64-apple-macos10.13 '-std=c11' -fpascal-strings -O0 -fno-common '-D_DEBUG=1' '-DDEBUG=1' '-DJUCE_PROJUCER_VERSION=0x80007' '-DJUCE_MODULE_AVAILABLE_juce_audio_basics=1' '-DJUCE_MODULE_AVAILABLE_juce_audio_devices=1' '-DJUCE_MODULE_AVAILABLE_juce_audio_formats=1' '-DJUCE_MODULE_AVAILABLE_juce_audio_plugin_client=1' '-DJUCE_MODULE_AVAILABLE_juce_audio_processors=1' '-DJUCE_MODULE_AVAILABLE_juce_audio_utils=1' '-DJUCE_MODULE_AVAILABLE_juce_core=1' '-DJUCE_MODULE_AVAILABLE_juce_data_structures=1' '-DJUCE_MODULE_AVAILABLE_juce_dsp=1' '-DJUCE_MODULE_AVAILABLE_juce_events=1' '-DJUCE_MODULE_AVAILABLE_juce_graphics=1' '-DJUCE_MODULE_AVAILABLE_juce_gui_basics=1' '-DJUCE_MODULE_AVAILABLE_juce_gui_extra=1' '-DJUCE_GLOBAL_MODULE_SETTINGS_INCLUDED=1' '-DJUCE_VST3_CAN_REPLACE_VST2=0' '-DJUCE_STRICT_REFCOUNTEDPOINTER=1' '-DJucePlugin_Build_VST=0' '-DJucePlugin_Build_VST3=1' '-DJucePlugin_Build_AU=1' '-DJucePlugin_Build_AUv3=0' '-DJucePlugin_Build_AAX=0' '-DJucePlugin_Build_Standalone=1' '-DJucePlugin_Build_Unity=0' '-DJucePlugin_Build_LV2=0' '-DJucePlugin_Enable_IAA=0' '-DJucePlugin_Enable_ARA=0' '-DJucePlugin_Name="MerjEQ"' '-DJucePlugin_Desc="MerjEQ"' '-DJucePlugin_Manufacturer="yourcompany"' '-DJucePlugin_ManufacturerWebsite="www.yourcompany.com"' '-DJucePlugin_ManufacturerEmail=""' '-DJucePlugin_ManufacturerCode=0x4d616e75' '-DJucePlugin_PluginCode=0x4c736773' '-DJucePlugin_IsSynth=0' '-DJucePlugin_WantsMidiInput=0' '-DJucePlugin_ProducesMidiOutput=0' '-DJucePlugin_IsMidiEffect=0' '-DJucePlugin_EditorRequiresKeyboardFocus=0' '-DJucePlugin_Version=1.0.0' '-DJucePlugin_VersionCode=0x10000' '-DJucePlugin_VersionString="1.0.0"' '-DJucePlugin_VSTUniqueID=JucePlugin_PluginCode' '-DJucePlugin_VSTCategory=kPlugCategEffect' '-DJucePlugin_Vst3Category="Fx"' '-DJucePlugin_AUMainType='\'aufx\' '-DJucePlugin_AUSubType=JucePlugin_PluginCode' '-DJucePlugin_AUExportPrefix=MerjEQAU' '-DJucePlugin_AUExportPrefixQuoted="MerjEQAU"' '-DJucePlugin_AUManufacturerCode=JucePlugin_ManufacturerCode' '-DJucePlugin_CFBundleIdentifier=com.yourcompany.MerjEQ' '-DJucePlugin_AAXIdentifier=com.yourcompany.MerjEQ' '-DJucePlugin_AAXManufacturerCode=JucePlugin_ManufacturerCode' '-DJucePlugin_AAXProductId=JucePlugin_PluginCode' '-DJucePlugin_AAXCategory=0' '-DJucePlugin_AAXDisableBypass=0' '-DJucePlugin_AAXDisableMultiMono=0' '-DJucePlugin_IAAType=0x61757278' '-DJucePlugin_IAASubType=JucePlugin_PluginCode' '-DJucePlugin_IAAName="yourcompany: MerjEQ"' '-DJucePlugin_VSTNumMidiInputs=16' '-DJucePlugin_VSTNumMidiOutputs=16' '-DJucePlugin_ARAContentTypes=0' '-DJucePlugin_ARATransformationFlags=0' '-DJucePlugin_ARAFactoryID="com.yourcompany.MerjEQ.factory"' '-DJucePlugin_ARADocumentArchiveID="com.yourcompany.MerjEQ.aradocumentarchive.1.0.0"' '-DJucePlugin_ARACompatibleArchiveIDs=""' '-DJucePlugin_MaxNumInputChannels=2' '-DJucePlugin_MaxNumOutputChannels=2' '-DJucePlugin_PreferredChannelConfigurations={2,2}' '-DJUCE_STANDALONE_APPLICATION=JucePlugin_Build_Standalone' '-DJUCER_XCODE_MAC_F6D2F4CF=1' '-DJUCE_APP_VERSION=1.0.0' '-DJUCE_APP_VERSION_HEX=0x10000' '-DJUCE_SHARED_CODE=1' -isysroot /Applications/Xcode.app/Contents/Developer/Platforms/MacOSX.platform/Developer/SDKs/MacOSX15.4.sdk -fasm-blocks -g '-fvisibility=hidden' -I/Users/jeremeuh/Dev/PLUGINS/MerjEQ/Builds/MacOSX/build/Debug/include -I/Users/jeremeuh/Dev/JUCE/modules/juce_audio_processors/format_types/VST3_SDK -I/Users/jeremeuh/Dev/PLUGINS/MerjEQ/JuceLibraryCode -I/Users/jeremeuh/Dev/JUCE/modules -I/Users/jeremeuh/Dev/JUCE/modules/juce_audio_plugin_client/AU '-I/Users/jeremeuh/Dev/PLUGINS/MerjEQ/Builds/MacOSX/build/MerjEQ.build/Debug/MerjEQ - Shared Code.build/DerivedSources-normal/x86_64' '-I/Users/jeremeuh/Dev/PLUGINS/MerjEQ/Builds/MacOSX/build/MerjEQ.build/Debug/MerjEQ - Shared Code.build/DerivedSources/x86_64' '-I/Users/jeremeuh/Dev/PLUGINS/MerjEQ/Builds/MacOSX/build/MerjEQ.build/Debug/MerjEQ - Shared Code.build/DerivedSources' -F/Users/jeremeuh/Dev/PLUGINS/MerjEQ/Builds/MacOSX/build/Debug

WriteAuxiliaryFile /Users/jeremeuh/Dev/PLUGINS/MerjEQ/Builds/MacOSX/build/MerjEQ.build/Debug/MerjEQ\ -\ Shared\ Code.build/Objects-normal/x86_64/af3fcb34312c57c0f52879cdce924b91-common-args.resp (in target 'MerjEQ - Shared Code' from project 'MerjEQ')
    cd /Users/jeremeuh/Dev/PLUGINS/MerjEQ/Builds/MacOSX
    write-file /Users/jeremeuh/Dev/PLUGINS/MerjEQ/Builds/MacOSX/build/MerjEQ.build/Debug/MerjEQ\ -\ Shared\ Code.build/Objects-normal/x86_64/af3fcb34312c57c0f52879cdce924b91-common-args.resp
-target x86_64-apple-macos10.13 '-std=c++17' '-stdlib=libc++' -fobjc-weak '-D_LIBCPP_HARDENING_MODE=_LIBCPP_HARDENING_MODE_DEBUG' -fpascal-strings -O0 -fno-common '-D_DEBUG=1' '-DDEBUG=1' '-DJUCE_PROJUCER_VERSION=0x80007' '-DJUCE_MODULE_AVAILABLE_juce_audio_basics=1' '-DJUCE_MODULE_AVAILABLE_juce_audio_devices=1' '-DJUCE_MODULE_AVAILABLE_juce_audio_formats=1' '-DJUCE_MODULE_AVAILABLE_juce_audio_plugin_client=1' '-DJUCE_MODULE_AVAILABLE_juce_audio_processors=1' '-DJUCE_MODULE_AVAILABLE_juce_audio_utils=1' '-DJUCE_MODULE_AVAILABLE_juce_core=1' '-DJUCE_MODULE_AVAILABLE_juce_data_structures=1' '-DJUCE_MODULE_AVAILABLE_juce_dsp=1' '-DJUCE_MODULE_AVAILABLE_juce_events=1' '-DJUCE_MODULE_AVAILABLE_juce_graphics=1' '-DJUCE_MODULE_AVAILABLE_juce_gui_basics=1' '-DJUCE_MODULE_AVAILABLE_juce_gui_extra=1' '-DJUCE_GLOBAL_MODULE_SETTINGS_INCLUDED=1' '-DJUCE_VST3_CAN_REPLACE_VST2=0' '-DJUCE_STRICT_REFCOUNTEDPOINTER=1' '-DJucePlugin_Build_VST=0' '-DJucePlugin_Build_VST3=1' '-DJucePlugin_Build_AU=1' '-DJucePlugin_Build_AUv3=0' '-DJucePlugin_Build_AAX=0' '-DJucePlugin_Build_Standalone=1' '-DJucePlugin_Build_Unity=0' '-DJucePlugin_Build_LV2=0' '-DJucePlugin_Enable_IAA=0' '-DJucePlugin_Enable_ARA=0' '-DJucePlugin_Name="MerjEQ"' '-DJucePlugin_Desc="MerjEQ"' '-DJucePlugin_Manufacturer="yourcompany"' '-DJucePlugin_ManufacturerWebsite="www.yourcompany.com"' '-DJucePlugin_ManufacturerEmail=""' '-DJucePlugin_ManufacturerCode=0x4d616e75' '-DJucePlugin_PluginCode=0x4c736773' '-DJucePlugin_IsSynth=0' '-DJucePlugin_WantsMidiInput=0' '-DJucePlugin_ProducesMidiOutput=0' '-DJucePlugin_IsMidiEffect=0' '-DJucePlugin_EditorRequiresKeyboardFocus=0' '-DJucePlugin_Version=1.0.0' '-DJucePlugin_VersionCode=0x10000' '-DJucePlugin_VersionString="1.0.0"' '-DJucePlugin_VSTUniqueID=JucePlugin_PluginCode' '-DJucePlugin_VSTCategory=kPlugCategEffect' '-DJucePlugin_Vst3Category="Fx"' '-DJucePlugin_AUMainType='\'aufx\' '-DJucePlugin_AUSubType=JucePlugin_PluginCode' '-DJucePlugin_AUExportPrefix=MerjEQAU' '-DJucePlugin_AUExportPrefixQuoted="MerjEQAU"' '-DJucePlugin_AUManufacturerCode=JucePlugin_ManufacturerCode' '-DJucePlugin_CFBundleIdentifier=com.yourcompany.MerjEQ' '-DJucePlugin_AAXIdentifier=com.yourcompany.MerjEQ' '-DJucePlugin_AAXManufacturerCode=JucePlugin_ManufacturerCode' '-DJucePlugin_AAXProductId=JucePlugin_PluginCode' '-DJucePlugin_AAXCategory=0' '-DJucePlugin_AAXDisableBypass=0' '-DJucePlugin_AAXDisableMultiMono=0' '-DJucePlugin_IAAType=0x61757278' '-DJucePlugin_IAASubType=JucePlugin_PluginCode' '-DJucePlugin_IAAName="yourcompany: MerjEQ"' '-DJucePlugin_VSTNumMidiInputs=16' '-DJucePlugin_VSTNumMidiOutputs=16' '-DJucePlugin_ARAContentTypes=0' '-DJucePlugin_ARATransformationFlags=0' '-DJucePlugin_ARAFactoryID="com.yourcompany.MerjEQ.factory"' '-DJucePlugin_ARADocumentArchiveID="com.yourcompany.MerjEQ.aradocumentarchive.1.0.0"' '-DJucePlugin_ARACompatibleArchiveIDs=""' '-DJucePlugin_MaxNumInputChannels=2' '-DJucePlugin_MaxNumOutputChannels=2' '-DJucePlugin_PreferredChannelConfigurations={2,2}' '-DJUCE_STANDALONE_APPLICATION=JucePlugin_Build_Standalone' '-DJUCER_XCODE_MAC_F6D2F4CF=1' '-DJUCE_APP_VERSION=1.0.0' '-DJUCE_APP_VERSION_HEX=0x10000' '-DJUCE_SHARED_CODE=1' '-DOBJC_OLD_DISPATCH_PROTOTYPES=0' -isysroot /Applications/Xcode.app/Contents/Developer/Platforms/MacOSX.platform/Developer/SDKs/MacOSX15.4.sdk -fasm-blocks -g '-fvisibility=hidden' -fvisibility-inlines-hidden -I/Users/jeremeuh/Dev/PLUGINS/MerjEQ/Builds/MacOSX/build/Debug/include -I/Users/jeremeuh/Dev/JUCE/modules/juce_audio_processors/format_types/VST3_SDK -I/Users/jeremeuh/Dev/PLUGINS/MerjEQ/JuceLibraryCode -I/Users/jeremeuh/Dev/JUCE/modules -I/Users/jeremeuh/Dev/JUCE/modules/juce_audio_plugin_client/AU '-I/Users/jeremeuh/Dev/PLUGINS/MerjEQ/Builds/MacOSX/build/MerjEQ.build/Debug/MerjEQ - Shared Code.build/DerivedSources-normal/x86_64' '-I/Users/jeremeuh/Dev/PLUGINS/MerjEQ/Builds/MacOSX/build/MerjEQ.build/Debug/MerjEQ - Shared Code.build/DerivedSources/x86_64' '-I/Users/jeremeuh/Dev/PLUGINS/MerjEQ/Builds/MacOSX/build/MerjEQ.build/Debug/MerjEQ - Shared Code.build/DerivedSources' -F/Users/jeremeuh/Dev/PLUGINS/MerjEQ/Builds/MacOSX/build/Debug

WriteAuxiliaryFile /Users/jeremeuh/Dev/PLUGINS/MerjEQ/Builds/MacOSX/build/MerjEQ.build/Debug/MerjEQ\ -\ Shared\ Code.build/Objects-normal/arm64/af3fcb34312c57c0f52879cdce924b91-common-args.resp (in target 'MerjEQ - Shared Code' from project 'MerjEQ')
    cd /Users/jeremeuh/Dev/PLUGINS/MerjEQ/Builds/MacOSX
    write-file /Users/jeremeuh/Dev/PLUGINS/MerjEQ/Builds/MacOSX/build/MerjEQ.build/Debug/MerjEQ\ -\ Shared\ Code.build/Objects-normal/arm64/af3fcb34312c57c0f52879cdce924b91-common-args.resp
-target arm64-apple-macos10.13 '-std=c++17' '-stdlib=libc++' -fobjc-weak '-D_LIBCPP_HARDENING_MODE=_LIBCPP_HARDENING_MODE_DEBUG' -fpascal-strings -O0 -fno-common '-D_DEBUG=1' '-DDEBUG=1' '-DJUCE_PROJUCER_VERSION=0x80007' '-DJUCE_MODULE_AVAILABLE_juce_audio_basics=1' '-DJUCE_MODULE_AVAILABLE_juce_audio_devices=1' '-DJUCE_MODULE_AVAILABLE_juce_audio_formats=1' '-DJUCE_MODULE_AVAILABLE_juce_audio_plugin_client=1' '-DJUCE_MODULE_AVAILABLE_juce_audio_processors=1' '-DJUCE_MODULE_AVAILABLE_juce_audio_utils=1' '-DJUCE_MODULE_AVAILABLE_juce_core=1' '-DJUCE_MODULE_AVAILABLE_juce_data_structures=1' '-DJUCE_MODULE_AVAILABLE_juce_dsp=1' '-DJUCE_MODULE_AVAILABLE_juce_events=1' '-DJUCE_MODULE_AVAILABLE_juce_graphics=1' '-DJUCE_MODULE_AVAILABLE_juce_gui_basics=1' '-DJUCE_MODULE_AVAILABLE_juce_gui_extra=1' '-DJUCE_GLOBAL_MODULE_SETTINGS_INCLUDED=1' '-DJUCE_VST3_CAN_REPLACE_VST2=0' '-DJUCE_STRICT_REFCOUNTEDPOINTER=1' '-DJucePlugin_Build_VST=0' '-DJucePlugin_Build_VST3=1' '-DJucePlugin_Build_AU=1' '-DJucePlugin_Build_AUv3=0' '-DJucePlugin_Build_AAX=0' '-DJucePlugin_Build_Standalone=1' '-DJucePlugin_Build_Unity=0' '-DJucePlugin_Build_LV2=0' '-DJucePlugin_Enable_IAA=0' '-DJucePlugin_Enable_ARA=0' '-DJucePlugin_Name="MerjEQ"' '-DJucePlugin_Desc="MerjEQ"' '-DJucePlugin_Manufacturer="yourcompany"' '-DJucePlugin_ManufacturerWebsite="www.yourcompany.com"' '-DJucePlugin_ManufacturerEmail=""' '-DJucePlugin_ManufacturerCode=0x4d616e75' '-DJucePlugin_PluginCode=0x4c736773' '-DJucePlugin_IsSynth=0' '-DJucePlugin_WantsMidiInput=0' '-DJucePlugin_ProducesMidiOutput=0' '-DJucePlugin_IsMidiEffect=0' '-DJucePlugin_EditorRequiresKeyboardFocus=0' '-DJucePlugin_Version=1.0.0' '-DJucePlugin_VersionCode=0x10000' '-DJucePlugin_VersionString="1.0.0"' '-DJucePlugin_VSTUniqueID=JucePlugin_PluginCode' '-DJucePlugin_VSTCategory=kPlugCategEffect' '-DJucePlugin_Vst3Category="Fx"' '-DJucePlugin_AUMainType='\'aufx\' '-DJucePlugin_AUSubType=JucePlugin_PluginCode' '-DJucePlugin_AUExportPrefix=MerjEQAU' '-DJucePlugin_AUExportPrefixQuoted="MerjEQAU"' '-DJucePlugin_AUManufacturerCode=JucePlugin_ManufacturerCode' '-DJucePlugin_CFBundleIdentifier=com.yourcompany.MerjEQ' '-DJucePlugin_AAXIdentifier=com.yourcompany.MerjEQ' '-DJucePlugin_AAXManufacturerCode=JucePlugin_ManufacturerCode' '-DJucePlugin_AAXProductId=JucePlugin_PluginCode' '-DJucePlugin_AAXCategory=0' '-DJucePlugin_AAXDisableBypass=0' '-DJucePlugin_AAXDisableMultiMono=0' '-DJucePlugin_IAAType=0x61757278' '-DJucePlugin_IAASubType=JucePlugin_PluginCode' '-DJucePlugin_IAAName="yourcompany: MerjEQ"' '-DJucePlugin_VSTNumMidiInputs=16' '-DJucePlugin_VSTNumMidiOutputs=16' '-DJucePlugin_ARAContentTypes=0' '-DJucePlugin_ARATransformationFlags=0' '-DJucePlugin_ARAFactoryID="com.yourcompany.MerjEQ.factory"' '-DJucePlugin_ARADocumentArchiveID="com.yourcompany.MerjEQ.aradocumentarchive.1.0.0"' '-DJucePlugin_ARACompatibleArchiveIDs=""' '-DJucePlugin_MaxNumInputChannels=2' '-DJucePlugin_MaxNumOutputChannels=2' '-DJucePlugin_PreferredChannelConfigurations={2,2}' '-DJUCE_STANDALONE_APPLICATION=JucePlugin_Build_Standalone' '-DJUCER_XCODE_MAC_F6D2F4CF=1' '-DJUCE_APP_VERSION=1.0.0' '-DJUCE_APP_VERSION_HEX=0x10000' '-DJUCE_SHARED_CODE=1' '-DOBJC_OLD_DISPATCH_PROTOTYPES=0' -isysroot /Applications/Xcode.app/Contents/Developer/Platforms/MacOSX.platform/Developer/SDKs/MacOSX15.4.sdk -g '-fvisibility=hidden' -fvisibility-inlines-hidden -I/Users/jeremeuh/Dev/PLUGINS/MerjEQ/Builds/MacOSX/build/Debug/include -I/Users/jeremeuh/Dev/JUCE/modules/juce_audio_processors/format_types/VST3_SDK -I/Users/jeremeuh/Dev/PLUGINS/MerjEQ/JuceLibraryCode -I/Users/jeremeuh/Dev/JUCE/modules -I/Users/jeremeuh/Dev/JUCE/modules/juce_audio_plugin_client/AU '-I/Users/jeremeuh/Dev/PLUGINS/MerjEQ/Builds/MacOSX/build/MerjEQ.build/Debug/MerjEQ - Shared Code.build/DerivedSources-normal/arm64' '-I/Users/jeremeuh/Dev/PLUGINS/MerjEQ/Builds/MacOSX/build/MerjEQ.build/Debug/MerjEQ - Shared Code.build/DerivedSources/arm64' '-I/Users/jeremeuh/Dev/PLUGINS/MerjEQ/Builds/MacOSX/build/MerjEQ.build/Debug/MerjEQ - Shared Code.build/DerivedSources' -F/Users/jeremeuh/Dev/PLUGINS/MerjEQ/Builds/MacOSX/build/Debug

WriteAuxiliaryFile /Users/jeremeuh/Dev/PLUGINS/MerjEQ/Builds/MacOSX/build/MerjEQ.build/Debug/MerjEQ\ -\ Shared\ Code.build/Objects-normal/arm64/7187679823f38a2a940e0043cdf9d637-common-args.resp (in target 'MerjEQ - Shared Code' from project 'MerjEQ')
    cd /Users/jeremeuh/Dev/PLUGINS/MerjEQ/Builds/MacOSX
    write-file /Users/jeremeuh/Dev/PLUGINS/MerjEQ/Builds/MacOSX/build/MerjEQ.build/Debug/MerjEQ\ -\ Shared\ Code.build/Objects-normal/arm64/7187679823f38a2a940e0043cdf9d637-common-args.resp
-target arm64-apple-macos10.13 '-std=c11' -fpascal-strings -O0 -fno-common '-D_DEBUG=1' '-DDEBUG=1' '-DJUCE_PROJUCER_VERSION=0x80007' '-DJUCE_MODULE_AVAILABLE_juce_audio_basics=1' '-DJUCE_MODULE_AVAILABLE_juce_audio_devices=1' '-DJUCE_MODULE_AVAILABLE_juce_audio_formats=1' '-DJUCE_MODULE_AVAILABLE_juce_audio_plugin_client=1' '-DJUCE_MODULE_AVAILABLE_juce_audio_processors=1' '-DJUCE_MODULE_AVAILABLE_juce_audio_utils=1' '-DJUCE_MODULE_AVAILABLE_juce_core=1' '-DJUCE_MODULE_AVAILABLE_juce_data_structures=1' '-DJUCE_MODULE_AVAILABLE_juce_dsp=1' '-DJUCE_MODULE_AVAILABLE_juce_events=1' '-DJUCE_MODULE_AVAILABLE_juce_graphics=1' '-DJUCE_MODULE_AVAILABLE_juce_gui_basics=1' '-DJUCE_MODULE_AVAILABLE_juce_gui_extra=1' '-DJUCE_GLOBAL_MODULE_SETTINGS_INCLUDED=1' '-DJUCE_VST3_CAN_REPLACE_VST2=0' '-DJUCE_STRICT_REFCOUNTEDPOINTER=1' '-DJucePlugin_Build_VST=0' '-DJucePlugin_Build_VST3=1' '-DJucePlugin_Build_AU=1' '-DJucePlugin_Build_AUv3=0' '-DJucePlugin_Build_AAX=0' '-DJucePlugin_Build_Standalone=1' '-DJucePlugin_Build_Unity=0' '-DJucePlugin_Build_LV2=0' '-DJucePlugin_Enable_IAA=0' '-DJucePlugin_Enable_ARA=0' '-DJucePlugin_Name="MerjEQ"' '-DJucePlugin_Desc="MerjEQ"' '-DJucePlugin_Manufacturer="yourcompany"' '-DJucePlugin_ManufacturerWebsite="www.yourcompany.com"' '-DJucePlugin_ManufacturerEmail=""' '-DJucePlugin_ManufacturerCode=0x4d616e75' '-DJucePlugin_PluginCode=0x4c736773' '-DJucePlugin_IsSynth=0' '-DJucePlugin_WantsMidiInput=0' '-DJucePlugin_ProducesMidiOutput=0' '-DJucePlugin_IsMidiEffect=0' '-DJucePlugin_EditorRequiresKeyboardFocus=0' '-DJucePlugin_Version=1.0.0' '-DJucePlugin_VersionCode=0x10000' '-DJucePlugin_VersionString="1.0.0"' '-DJucePlugin_VSTUniqueID=JucePlugin_PluginCode' '-DJucePlugin_VSTCategory=kPlugCategEffect' '-DJucePlugin_Vst3Category="Fx"' '-DJucePlugin_AUMainType='\'aufx\' '-DJucePlugin_AUSubType=JucePlugin_PluginCode' '-DJucePlugin_AUExportPrefix=MerjEQAU' '-DJucePlugin_AUExportPrefixQuoted="MerjEQAU"' '-DJucePlugin_AUManufacturerCode=JucePlugin_ManufacturerCode' '-DJucePlugin_CFBundleIdentifier=com.yourcompany.MerjEQ' '-DJucePlugin_AAXIdentifier=com.yourcompany.MerjEQ' '-DJucePlugin_AAXManufacturerCode=JucePlugin_ManufacturerCode' '-DJucePlugin_AAXProductId=JucePlugin_PluginCode' '-DJucePlugin_AAXCategory=0' '-DJucePlugin_AAXDisableBypass=0' '-DJucePlugin_AAXDisableMultiMono=0' '-DJucePlugin_IAAType=0x61757278' '-DJucePlugin_IAASubType=JucePlugin_PluginCode' '-DJucePlugin_IAAName="yourcompany: MerjEQ"' '-DJucePlugin_VSTNumMidiInputs=16' '-DJucePlugin_VSTNumMidiOutputs=16' '-DJucePlugin_ARAContentTypes=0' '-DJucePlugin_ARATransformationFlags=0' '-DJucePlugin_ARAFactoryID="com.yourcompany.MerjEQ.factory"' '-DJucePlugin_ARADocumentArchiveID="com.yourcompany.MerjEQ.aradocumentarchive.1.0.0"' '-DJucePlugin_ARACompatibleArchiveIDs=""' '-DJucePlugin_MaxNumInputChannels=2' '-DJucePlugin_MaxNumOutputChannels=2' '-DJucePlugin_PreferredChannelConfigurations={2,2}' '-DJUCE_STANDALONE_APPLICATION=JucePlugin_Build_Standalone' '-DJUCER_XCODE_MAC_F6D2F4CF=1' '-DJUCE_APP_VERSION=1.0.0' '-DJUCE_APP_VERSION_HEX=0x10000' '-DJUCE_SHARED_CODE=1' -isysroot /Applications/Xcode.app/Contents/Developer/Platforms/MacOSX.platform/Developer/SDKs/MacOSX15.4.sdk -g '-fvisibility=hidden' -I/Users/jeremeuh/Dev/PLUGINS/MerjEQ/Builds/MacOSX/build/Debug/include -I/Users/jeremeuh/Dev/JUCE/modules/juce_audio_processors/format_types/VST3_SDK -I/Users/jeremeuh/Dev/PLUGINS/MerjEQ/JuceLibraryCode -I/Users/jeremeuh/Dev/JUCE/modules -I/Users/jeremeuh/Dev/JUCE/modules/juce_audio_plugin_client/AU '-I/Users/jeremeuh/Dev/PLUGINS/MerjEQ/Builds/MacOSX/build/MerjEQ.build/Debug/MerjEQ - Shared Code.build/DerivedSources-normal/arm64' '-I/Users/jeremeuh/Dev/PLUGINS/MerjEQ/Builds/MacOSX/build/MerjEQ.build/Debug/MerjEQ - Shared Code.build/DerivedSources/arm64' '-I/Users/jeremeuh/Dev/PLUGINS/MerjEQ/Builds/MacOSX/build/MerjEQ.build/Debug/MerjEQ - Shared Code.build/DerivedSources' -F/Users/jeremeuh/Dev/PLUGINS/MerjEQ/Builds/MacOSX/build/Debug

CompileC /Users/jeremeuh/Dev/PLUGINS/MerjEQ/Builds/MacOSX/build/MerjEQ.build/Debug/MerjEQ\ -\ Shared\ Code.build/Objects-normal/x86_64/include_juce_graphics_Harfbuzz.o /Users/jeremeuh/Dev/PLUGINS/MerjEQ/JuceLibraryCode/include_juce_graphics_Harfbuzz.cpp normal x86_64 c++ com.apple.compilers.llvm.clang.1_0.compiler (in target 'MerjEQ - Shared Code' from project 'MerjEQ')
    cd /Users/jeremeuh/Dev/PLUGINS/MerjEQ/Builds/MacOSX
    
    Using response file: /Users/jeremeuh/Dev/PLUGINS/MerjEQ/Builds/MacOSX/build/MerjEQ.build/Debug/MerjEQ - Shared Code.build/Objects-normal/x86_64/82b82416624d2658e5098eb0a28c15c5-common-args.resp
    
    /Applications/Xcode.app/Contents/Developer/Toolchains/XcodeDefault.xctoolchain/usr/bin/clang -x c++ -ivfsstatcache /var/folders/sp/21dxgf6s089bnbz8bsmppv5m0000gn/C/com.apple.DeveloperTools/16.3-16E140/Xcode/SDKStatCaches.noindex/macosx15.4-24E241-88b860576fb364319593bd8fb30666b0.sdkstatcache -fmessage-length\=0 -fdiagnostics-show-note-include-stack -fmacro-backtrace-limit\=0 -fno-color-diagnostics -Wno-trigraphs -Wno-missing-field-initializers -Wno-missing-prototypes -Wunreachable-code -Wnon-virtual-dtor -Wno-overloaded-virtual -Wno-exit-time-destructors -Wno-missing-braces -Wparentheses -Wswitch -Wunused-function -Wno-unused-label -Wno-unused-parameter -Wunused-variable -Wunused-value -Wempty-body -Wuninitialized -Wno-unknown-pragmas -Wno-shadow -Wno-four-char-constants -Wno-conversion -Wconstant-conversion -Wint-conversion -Wbool-conversion -Wenum-conversion -Wno-float-conversion -Wnon-literal-null-conversion -Wobjc-literal-conversion -Wshorten-64-to-32 -Wno-newline-eof -Wno-c++11-extensions -Wno-implicit-fallthrough -fstrict-aliasing -Wdeprecated-declarations -Winvalid-offsetof -Wno-sign-conversion -Winfinite-recursion -Wmove -Wcomma -Wblock-capture-autoreleasing -Wstrict-prototypes -Wrange-loop-analysis -Wno-semicolon-before-method-body -Wreorder @/Users/jeremeuh/Dev/PLUGINS/MerjEQ/Builds/MacOSX/build/MerjEQ.build/Debug/MerjEQ\ -\ Shared\ Code.build/Objects-normal/x86_64/82b82416624d2658e5098eb0a28c15c5-common-args.resp -MMD -MT dependencies -MF /Users/jeremeuh/Dev/PLUGINS/MerjEQ/Builds/MacOSX/build/MerjEQ.build/Debug/MerjEQ\ -\ Shared\ Code.build/Objects-normal/x86_64/include_juce_graphics_Harfbuzz.d --serialize-diagnostics /Users/jeremeuh/Dev/PLUGINS/MerjEQ/Builds/MacOSX/build/MerjEQ.build/Debug/MerjEQ\ -\ Shared\ Code.build/Objects-normal/x86_64/include_juce_graphics_Harfbuzz.dia -c /Users/jeremeuh/Dev/PLUGINS/MerjEQ/JuceLibraryCode/include_juce_graphics_Harfbuzz.cpp -o /Users/jeremeuh/Dev/PLUGINS/MerjEQ/Builds/MacOSX/build/MerjEQ.build/Debug/MerjEQ\ -\ Shared\ Code.build/Objects-normal/x86_64/include_juce_graphics_Harfbuzz.o

CompileC /Users/jeremeuh/Dev/PLUGINS/MerjEQ/Builds/MacOSX/build/MerjEQ.build/Debug/MerjEQ\ -\ Shared\ Code.build/Objects-normal/x86_64/include_juce_core_CompilationTime.o /Users/jeremeuh/Dev/PLUGINS/MerjEQ/JuceLibraryCode/include_juce_core_CompilationTime.cpp normal x86_64 c++ com.apple.compilers.llvm.clang.1_0.compiler (in target 'MerjEQ - Shared Code' from project 'MerjEQ')
    cd /Users/jeremeuh/Dev/PLUGINS/MerjEQ/Builds/MacOSX
    
    Using response file: /Users/jeremeuh/Dev/PLUGINS/MerjEQ/Builds/MacOSX/build/MerjEQ.build/Debug/MerjEQ - Shared Code.build/Objects-normal/x86_64/82b82416624d2658e5098eb0a28c15c5-common-args.resp
    
    /Applications/Xcode.app/Contents/Developer/Toolchains/XcodeDefault.xctoolchain/usr/bin/clang -x c++ -ivfsstatcache /var/folders/sp/21dxgf6s089bnbz8bsmppv5m0000gn/C/com.apple.DeveloperTools/16.3-16E140/Xcode/SDKStatCaches.noindex/macosx15.4-24E241-88b860576fb364319593bd8fb30666b0.sdkstatcache -fmessage-length\=0 -fdiagnostics-show-note-include-stack -fmacro-backtrace-limit\=0 -fno-color-diagnostics -Wno-trigraphs -Wno-missing-field-initializers -Wno-missing-prototypes -Wunreachable-code -Wnon-virtual-dtor -Wno-overloaded-virtual -Wno-exit-time-destructors -Wno-missing-braces -Wparentheses -Wswitch -Wunused-function -Wno-unused-label -Wno-unused-parameter -Wunused-variable -Wunused-value -Wempty-body -Wuninitialized -Wno-unknown-pragmas -Wno-shadow -Wno-four-char-constants -Wno-conversion -Wconstant-conversion -Wint-conversion -Wbool-conversion -Wenum-conversion -Wno-float-conversion -Wnon-literal-null-conversion -Wobjc-literal-conversion -Wshorten-64-to-32 -Wno-newline-eof -Wno-c++11-extensions -Wno-implicit-fallthrough -fstrict-aliasing -Wdeprecated-declarations -Winvalid-offsetof -Wno-sign-conversion -Winfinite-recursion -Wmove -Wcomma -Wblock-capture-autoreleasing -Wstrict-prototypes -Wrange-loop-analysis -Wno-semicolon-before-method-body -Wreorder @/Users/jeremeuh/Dev/PLUGINS/MerjEQ/Builds/MacOSX/build/MerjEQ.build/Debug/MerjEQ\ -\ Shared\ Code.build/Objects-normal/x86_64/82b82416624d2658e5098eb0a28c15c5-common-args.resp -MMD -MT dependencies -MF /Users/jeremeuh/Dev/PLUGINS/MerjEQ/Builds/MacOSX/build/MerjEQ.build/Debug/MerjEQ\ -\ Shared\ Code.build/Objects-normal/x86_64/include_juce_core_CompilationTime.d --serialize-diagnostics /Users/jeremeuh/Dev/PLUGINS/MerjEQ/Builds/MacOSX/build/MerjEQ.build/Debug/MerjEQ\ -\ Shared\ Code.build/Objects-normal/x86_64/include_juce_core_CompilationTime.dia -c /Users/jeremeuh/Dev/PLUGINS/MerjEQ/JuceLibraryCode/include_juce_core_CompilationTime.cpp -o /Users/jeremeuh/Dev/PLUGINS/MerjEQ/Builds/MacOSX/build/MerjEQ.build/Debug/MerjEQ\ -\ Shared\ Code.build/Objects-normal/x86_64/include_juce_core_CompilationTime.o

CompileC /Users/jeremeuh/Dev/PLUGINS/MerjEQ/Builds/MacOSX/build/MerjEQ.build/Debug/MerjEQ\ -\ Shared\ Code.build/Objects-normal/x86_64/include_juce_audio_processors_lv2_libs.o /Users/jeremeuh/Dev/PLUGINS/MerjEQ/JuceLibraryCode/include_juce_audio_processors_lv2_libs.cpp normal x86_64 c++ com.apple.compilers.llvm.clang.1_0.compiler (in target 'MerjEQ - Shared Code' from project 'MerjEQ')
    cd /Users/jeremeuh/Dev/PLUGINS/MerjEQ/Builds/MacOSX
    
    Using response file: /Users/jeremeuh/Dev/PLUGINS/MerjEQ/Builds/MacOSX/build/MerjEQ.build/Debug/MerjEQ - Shared Code.build/Objects-normal/x86_64/82b82416624d2658e5098eb0a28c15c5-common-args.resp
    
    /Applications/Xcode.app/Contents/Developer/Toolchains/XcodeDefault.xctoolchain/usr/bin/clang -x c++ -ivfsstatcache /var/folders/sp/21dxgf6s089bnbz8bsmppv5m0000gn/C/com.apple.DeveloperTools/16.3-16E140/Xcode/SDKStatCaches.noindex/macosx15.4-24E241-88b860576fb364319593bd8fb30666b0.sdkstatcache -fmessage-length\=0 -fdiagnostics-show-note-include-stack -fmacro-backtrace-limit\=0 -fno-color-diagnostics -Wno-trigraphs -Wno-missing-field-initializers -Wno-missing-prototypes -Wunreachable-code -Wnon-virtual-dtor -Wno-overloaded-virtual -Wno-exit-time-destructors -Wno-missing-braces -Wparentheses -Wswitch -Wunused-function -Wno-unused-label -Wno-unused-parameter -Wunused-variable -Wunused-value -Wempty-body -Wuninitialized -Wno-unknown-pragmas -Wno-shadow -Wno-four-char-constants -Wno-conversion -Wconstant-conversion -Wint-conversion -Wbool-conversion -Wenum-conversion -Wno-float-conversion -Wnon-literal-null-conversion -Wobjc-literal-conversion -Wshorten-64-to-32 -Wno-newline-eof -Wno-c++11-extensions -Wno-implicit-fallthrough -fstrict-aliasing -Wdeprecated-declarations -Winvalid-offsetof -Wno-sign-conversion -Winfinite-recursion -Wmove -Wcomma -Wblock-capture-autoreleasing -Wstrict-prototypes -Wrange-loop-analysis -Wno-semicolon-before-method-body -Wreorder @/Users/jeremeuh/Dev/PLUGINS/MerjEQ/Builds/MacOSX/build/MerjEQ.build/Debug/MerjEQ\ -\ Shared\ Code.build/Objects-normal/x86_64/82b82416624d2658e5098eb0a28c15c5-common-args.resp -MMD -MT dependencies -MF /Users/jeremeuh/Dev/PLUGINS/MerjEQ/Builds/MacOSX/build/MerjEQ.build/Debug/MerjEQ\ -\ Shared\ Code.build/Objects-normal/x86_64/include_juce_audio_processors_lv2_libs.d --serialize-diagnostics /Users/jeremeuh/Dev/PLUGINS/MerjEQ/Builds/MacOSX/build/MerjEQ.build/Debug/MerjEQ\ -\ Shared\ Code.build/Objects-normal/x86_64/include_juce_audio_processors_lv2_libs.dia -c /Users/jeremeuh/Dev/PLUGINS/MerjEQ/JuceLibraryCode/include_juce_audio_processors_lv2_libs.cpp -o /Users/jeremeuh/Dev/PLUGINS/MerjEQ/Builds/MacOSX/build/MerjEQ.build/Debug/MerjEQ\ -\ Shared\ Code.build/Objects-normal/x86_64/include_juce_audio_processors_lv2_libs.o

CompileC /Users/jeremeuh/Dev/PLUGINS/MerjEQ/Builds/MacOSX/build/MerjEQ.build/Debug/MerjEQ\ -\ Shared\ Code.build/Objects-normal/x86_64/include_juce_audio_processors_ara.o /Users/jeremeuh/Dev/PLUGINS/MerjEQ/JuceLibraryCode/include_juce_audio_processors_ara.cpp normal x86_64 c++ com.apple.compilers.llvm.clang.1_0.compiler (in target 'MerjEQ - Shared Code' from project 'MerjEQ')
    cd /Users/jeremeuh/Dev/PLUGINS/MerjEQ/Builds/MacOSX
    
    Using response file: /Users/jeremeuh/Dev/PLUGINS/MerjEQ/Builds/MacOSX/build/MerjEQ.build/Debug/MerjEQ - Shared Code.build/Objects-normal/x86_64/82b82416624d2658e5098eb0a28c15c5-common-args.resp
    
    /Applications/Xcode.app/Contents/Developer/Toolchains/XcodeDefault.xctoolchain/usr/bin/clang -x c++ -ivfsstatcache /var/folders/sp/21dxgf6s089bnbz8bsmppv5m0000gn/C/com.apple.DeveloperTools/16.3-16E140/Xcode/SDKStatCaches.noindex/macosx15.4-24E241-88b860576fb364319593bd8fb30666b0.sdkstatcache -fmessage-length\=0 -fdiagnostics-show-note-include-stack -fmacro-backtrace-limit\=0 -fno-color-diagnostics -Wno-trigraphs -Wno-missing-field-initializers -Wno-missing-prototypes -Wunreachable-code -Wnon-virtual-dtor -Wno-overloaded-virtual -Wno-exit-time-destructors -Wno-missing-braces -Wparentheses -Wswitch -Wunused-function -Wno-unused-label -Wno-unused-parameter -Wunused-variable -Wunused-value -Wempty-body -Wuninitialized -Wno-unknown-pragmas -Wno-shadow -Wno-four-char-constants -Wno-conversion -Wconstant-conversion -Wint-conversion -Wbool-conversion -Wenum-conversion -Wno-float-conversion -Wnon-literal-null-conversion -Wobjc-literal-conversion -Wshorten-64-to-32 -Wno-newline-eof -Wno-c++11-extensions -Wno-implicit-fallthrough -fstrict-aliasing -Wdeprecated-declarations -Winvalid-offsetof -Wno-sign-conversion -Winfinite-recursion -Wmove -Wcomma -Wblock-capture-autoreleasing -Wstrict-prototypes -Wrange-loop-analysis -Wno-semicolon-before-method-body -Wreorder @/Users/jeremeuh/Dev/PLUGINS/MerjEQ/Builds/MacOSX/build/MerjEQ.build/Debug/MerjEQ\ -\ Shared\ Code.build/Objects-normal/x86_64/82b82416624d2658e5098eb0a28c15c5-common-args.resp -MMD -MT dependencies -MF /Users/jeremeuh/Dev/PLUGINS/MerjEQ/Builds/MacOSX/build/MerjEQ.build/Debug/MerjEQ\ -\ Shared\ Code.build/Objects-normal/x86_64/include_juce_audio_processors_ara.d --serialize-diagnostics /Users/jeremeuh/Dev/PLUGINS/MerjEQ/Builds/MacOSX/build/MerjEQ.build/Debug/MerjEQ\ -\ Shared\ Code.build/Objects-normal/x86_64/include_juce_audio_processors_ara.dia -c /Users/jeremeuh/Dev/PLUGINS/MerjEQ/JuceLibraryCode/include_juce_audio_processors_ara.cpp -o /Users/jeremeuh/Dev/PLUGINS/MerjEQ/Builds/MacOSX/build/MerjEQ.build/Debug/MerjEQ\ -\ Shared\ Code.build/Objects-normal/x86_64/include_juce_audio_processors_ara.o

CompileC /Users/jeremeuh/Dev/PLUGINS/MerjEQ/Builds/MacOSX/build/MerjEQ.build/Debug/MerjEQ\ -\ Shared\ Code.build/Objects-normal/x86_64/include_juce_gui_extra.o /Users/jeremeuh/Dev/PLUGINS/MerjEQ/JuceLibraryCode/include_juce_gui_extra.mm normal x86_64 objective-c++ com.apple.compilers.llvm.clang.1_0.compiler (in target 'MerjEQ - Shared Code' from project 'MerjEQ')
    cd /Users/jeremeuh/Dev/PLUGINS/MerjEQ/Builds/MacOSX
    
    Using response file: /Users/jeremeuh/Dev/PLUGINS/MerjEQ/Builds/MacOSX/build/MerjEQ.build/Debug/MerjEQ - Shared Code.build/Objects-normal/x86_64/af3fcb34312c57c0f52879cdce924b91-common-args.resp
    
    /Applications/Xcode.app/Contents/Developer/Toolchains/XcodeDefault.xctoolchain/usr/bin/clang -x objective-c++ -ivfsstatcache /var/folders/sp/21dxgf6s089bnbz8bsmppv5m0000gn/C/com.apple.DeveloperTools/16.3-16E140/Xcode/SDKStatCaches.noindex/macosx15.4-24E241-88b860576fb364319593bd8fb30666b0.sdkstatcache -fmessage-length\=0 -fdiagnostics-show-note-include-stack -fmacro-backtrace-limit\=0 -fno-color-diagnostics -Wno-trigraphs -Wno-missing-field-initializers -Wno-missing-prototypes -Wunreachable-code -Wno-implicit-atomic-properties -Wno-objc-interface-ivars -Wno-arc-repeated-use-of-weak -Wimplicit-retain-self -Wnon-virtual-dtor -Wno-overloaded-virtual -Wno-exit-time-destructors -Wduplicate-method-match -Wno-missing-braces -Wparentheses -Wswitch -Wunused-function -Wno-unused-label -Wno-unused-parameter -Wunused-variable -Wunused-value -Wempty-body -Wuninitialized -Wno-unknown-pragmas -Wno-shadow -Wno-four-char-constants -Wno-conversion -Wconstant-conversion -Wint-conversion -Wbool-conversion -Wenum-conversion -Wno-float-conversion -Wnon-literal-null-conversion -Wobjc-literal-conversion -Wshorten-64-to-32 -Wno-newline-eof -Wno-selector -Wno-strict-selector-match -Wundeclared-selector -Wdeprecated-implementations -Wno-c++11-extensions -Wno-implicit-fallthrough -fstrict-aliasing -Wprotocol -Wdeprecated-declarations -Winvalid-offsetof -Wno-sign-conversion -Winfinite-recursion -Wmove -Wcomma -Wblock-capture-autoreleasing -Wstrict-prototypes -Wrange-loop-analysis -Wno-semicolon-before-method-body -Wreorder @/Users/jeremeuh/Dev/PLUGINS/MerjEQ/Builds/MacOSX/build/MerjEQ.build/Debug/MerjEQ\ -\ Shared\ Code.build/Objects-normal/x86_64/af3fcb34312c57c0f52879cdce924b91-common-args.resp -MMD -MT dependencies -MF /Users/jeremeuh/Dev/PLUGINS/MerjEQ/Builds/MacOSX/build/MerjEQ.build/Debug/MerjEQ\ -\ Shared\ Code.build/Objects-normal/x86_64/include_juce_gui_extra.d --serialize-diagnostics /Users/jeremeuh/Dev/PLUGINS/MerjEQ/Builds/MacOSX/build/MerjEQ.build/Debug/MerjEQ\ -\ Shared\ Code.build/Objects-normal/x86_64/include_juce_gui_extra.dia -c /Users/jeremeuh/Dev/PLUGINS/MerjEQ/JuceLibraryCode/include_juce_gui_extra.mm -o /Users/jeremeuh/Dev/PLUGINS/MerjEQ/Builds/MacOSX/build/MerjEQ.build/Debug/MerjEQ\ -\ Shared\ Code.build/Objects-normal/x86_64/include_juce_gui_extra.o

CompileC /Users/jeremeuh/Dev/PLUGINS/MerjEQ/Builds/MacOSX/build/MerjEQ.build/Debug/MerjEQ\ -\ Shared\ Code.build/Objects-normal/x86_64/include_juce_gui_basics.o /Users/jeremeuh/Dev/PLUGINS/MerjEQ/JuceLibraryCode/include_juce_gui_basics.mm normal x86_64 objective-c++ com.apple.compilers.llvm.clang.1_0.compiler (in target 'MerjEQ - Shared Code' from project 'MerjEQ')
    cd /Users/jeremeuh/Dev/PLUGINS/MerjEQ/Builds/MacOSX
    
    Using response file: /Users/jeremeuh/Dev/PLUGINS/MerjEQ/Builds/MacOSX/build/MerjEQ.build/Debug/MerjEQ - Shared Code.build/Objects-normal/x86_64/af3fcb34312c57c0f52879cdce924b91-common-args.resp
    
    /Applications/Xcode.app/Contents/Developer/Toolchains/XcodeDefault.xctoolchain/usr/bin/clang -x objective-c++ -ivfsstatcache /var/folders/sp/21dxgf6s089bnbz8bsmppv5m0000gn/C/com.apple.DeveloperTools/16.3-16E140/Xcode/SDKStatCaches.noindex/macosx15.4-24E241-88b860576fb364319593bd8fb30666b0.sdkstatcache -fmessage-length\=0 -fdiagnostics-show-note-include-stack -fmacro-backtrace-limit\=0 -fno-color-diagnostics -Wno-trigraphs -Wno-missing-field-initializers -Wno-missing-prototypes -Wunreachable-code -Wno-implicit-atomic-properties -Wno-objc-interface-ivars -Wno-arc-repeated-use-of-weak -Wimplicit-retain-self -Wnon-virtual-dtor -Wno-overloaded-virtual -Wno-exit-time-destructors -Wduplicate-method-match -Wno-missing-braces -Wparentheses -Wswitch -Wunused-function -Wno-unused-label -Wno-unused-parameter -Wunused-variable -Wunused-value -Wempty-body -Wuninitialized -Wno-unknown-pragmas -Wno-shadow -Wno-four-char-constants -Wno-conversion -Wconstant-conversion -Wint-conversion -Wbool-conversion -Wenum-conversion -Wno-float-conversion -Wnon-literal-null-conversion -Wobjc-literal-conversion -Wshorten-64-to-32 -Wno-newline-eof -Wno-selector -Wno-strict-selector-match -Wundeclared-selector -Wdeprecated-implementations -Wno-c++11-extensions -Wno-implicit-fallthrough -fstrict-aliasing -Wprotocol -Wdeprecated-declarations -Winvalid-offsetof -Wno-sign-conversion -Winfinite-recursion -Wmove -Wcomma -Wblock-capture-autoreleasing -Wstrict-prototypes -Wrange-loop-analysis -Wno-semicolon-before-method-body -Wreorder @/Users/jeremeuh/Dev/PLUGINS/MerjEQ/Builds/MacOSX/build/MerjEQ.build/Debug/MerjEQ\ -\ Shared\ Code.build/Objects-normal/x86_64/af3fcb34312c57c0f52879cdce924b91-common-args.resp -MMD -MT dependencies -MF /Users/jeremeuh/Dev/PLUGINS/MerjEQ/Builds/MacOSX/build/MerjEQ.build/Debug/MerjEQ\ -\ Shared\ Code.build/Objects-normal/x86_64/include_juce_gui_basics.d --serialize-diagnostics /Users/jeremeuh/Dev/PLUGINS/MerjEQ/Builds/MacOSX/build/MerjEQ.build/Debug/MerjEQ\ -\ Shared\ Code.build/Objects-normal/x86_64/include_juce_gui_basics.dia -c /Users/jeremeuh/Dev/PLUGINS/MerjEQ/JuceLibraryCode/include_juce_gui_basics.mm -o /Users/jeremeuh/Dev/PLUGINS/MerjEQ/Builds/MacOSX/build/MerjEQ.build/Debug/MerjEQ\ -\ Shared\ Code.build/Objects-normal/x86_64/include_juce_gui_basics.o

CompileC /Users/jeremeuh/Dev/PLUGINS/MerjEQ/Builds/MacOSX/build/MerjEQ.build/Debug/MerjEQ\ -\ Shared\ Code.build/Objects-normal/x86_64/include_juce_graphics_Sheenbidi.o /Users/jeremeuh/Dev/PLUGINS/MerjEQ/JuceLibraryCode/include_juce_graphics_Sheenbidi.c normal x86_64 c com.apple.compilers.llvm.clang.1_0.compiler (in target 'MerjEQ - Shared Code' from project 'MerjEQ')
    cd /Users/jeremeuh/Dev/PLUGINS/MerjEQ/Builds/MacOSX
    
    Using response file: /Users/jeremeuh/Dev/PLUGINS/MerjEQ/Builds/MacOSX/build/MerjEQ.build/Debug/MerjEQ - Shared Code.build/Objects-normal/x86_64/7187679823f38a2a940e0043cdf9d637-common-args.resp
    
    /Applications/Xcode.app/Contents/Developer/Toolchains/XcodeDefault.xctoolchain/usr/bin/clang -x c -ivfsstatcache /var/folders/sp/21dxgf6s089bnbz8bsmppv5m0000gn/C/com.apple.DeveloperTools/16.3-16E140/Xcode/SDKStatCaches.noindex/macosx15.4-24E241-88b860576fb364319593bd8fb30666b0.sdkstatcache -fmessage-length\=0 -fdiagnostics-show-note-include-stack -fmacro-backtrace-limit\=0 -fno-color-diagnostics -Wno-trigraphs -Wno-missing-field-initializers -Wno-missing-prototypes -Wunreachable-code -Wno-missing-braces -Wparentheses -Wswitch -Wunused-function -Wno-unused-label -Wno-unused-parameter -Wunused-variable -Wunused-value -Wempty-body -Wuninitialized -Wno-unknown-pragmas -Wno-shadow -Wno-four-char-constants -Wno-conversion -Wconstant-conversion -Wint-conversion -Wbool-conversion -Wenum-conversion -Wno-float-conversion -Wnon-literal-null-conversion -Wobjc-literal-conversion -Wshorten-64-to-32 -Wpointer-sign -Wno-newline-eof -Wno-implicit-fallthrough -fstrict-aliasing -Wdeprecated-declarations -Wno-sign-conversion -Winfinite-recursion -Wcomma -Wblock-capture-autoreleasing -Wstrict-prototypes -Wno-semicolon-before-method-body -Wreorder @/Users/jeremeuh/Dev/PLUGINS/MerjEQ/Builds/MacOSX/build/MerjEQ.build/Debug/MerjEQ\ -\ Shared\ Code.build/Objects-normal/x86_64/7187679823f38a2a940e0043cdf9d637-common-args.resp -MMD -MT dependencies -MF /Users/jeremeuh/Dev/PLUGINS/MerjEQ/Builds/MacOSX/build/MerjEQ.build/Debug/MerjEQ\ -\ Shared\ Code.build/Objects-normal/x86_64/include_juce_graphics_Sheenbidi.d --serialize-diagnostics /Users/jeremeuh/Dev/PLUGINS/MerjEQ/Builds/MacOSX/build/MerjEQ.build/Debug/MerjEQ\ -\ Shared\ Code.build/Objects-normal/x86_64/include_juce_graphics_Sheenbidi.dia -c /Users/jeremeuh/Dev/PLUGINS/MerjEQ/JuceLibraryCode/include_juce_graphics_Sheenbidi.c -o /Users/jeremeuh/Dev/PLUGINS/MerjEQ/Builds/MacOSX/build/MerjEQ.build/Debug/MerjEQ\ -\ Shared\ Code.build/Objects-normal/x86_64/include_juce_graphics_Sheenbidi.o

CompileC /Users/jeremeuh/Dev/PLUGINS/MerjEQ/Builds/MacOSX/build/MerjEQ.build/Debug/MerjEQ\ -\ Shared\ Code.build/Objects-normal/x86_64/include_juce_graphics.o /Users/jeremeuh/Dev/PLUGINS/MerjEQ/JuceLibraryCode/include_juce_graphics.mm normal x86_64 objective-c++ com.apple.compilers.llvm.clang.1_0.compiler (in target 'MerjEQ - Shared Code' from project 'MerjEQ')
    cd /Users/jeremeuh/Dev/PLUGINS/MerjEQ/Builds/MacOSX
    
    Using response file: /Users/jeremeuh/Dev/PLUGINS/MerjEQ/Builds/MacOSX/build/MerjEQ.build/Debug/MerjEQ - Shared Code.build/Objects-normal/x86_64/af3fcb34312c57c0f52879cdce924b91-common-args.resp
    
    /Applications/Xcode.app/Contents/Developer/Toolchains/XcodeDefault.xctoolchain/usr/bin/clang -x objective-c++ -ivfsstatcache /var/folders/sp/21dxgf6s089bnbz8bsmppv5m0000gn/C/com.apple.DeveloperTools/16.3-16E140/Xcode/SDKStatCaches.noindex/macosx15.4-24E241-88b860576fb364319593bd8fb30666b0.sdkstatcache -fmessage-length\=0 -fdiagnostics-show-note-include-stack -fmacro-backtrace-limit\=0 -fno-color-diagnostics -Wno-trigraphs -Wno-missing-field-initializers -Wno-missing-prototypes -Wunreachable-code -Wno-implicit-atomic-properties -Wno-objc-interface-ivars -Wno-arc-repeated-use-of-weak -Wimplicit-retain-self -Wnon-virtual-dtor -Wno-overloaded-virtual -Wno-exit-time-destructors -Wduplicate-method-match -Wno-missing-braces -Wparentheses -Wswitch -Wunused-function -Wno-unused-label -Wno-unused-parameter -Wunused-variable -Wunused-value -Wempty-body -Wuninitialized -Wno-unknown-pragmas -Wno-shadow -Wno-four-char-constants -Wno-conversion -Wconstant-conversion -Wint-conversion -Wbool-conversion -Wenum-conversion -Wno-float-conversion -Wnon-literal-null-conversion -Wobjc-literal-conversion -Wshorten-64-to-32 -Wno-newline-eof -Wno-selector -Wno-strict-selector-match -Wundeclared-selector -Wdeprecated-implementations -Wno-c++11-extensions -Wno-implicit-fallthrough -fstrict-aliasing -Wprotocol -Wdeprecated-declarations -Winvalid-offsetof -Wno-sign-conversion -Winfinite-recursion -Wmove -Wcomma -Wblock-capture-autoreleasing -Wstrict-prototypes -Wrange-loop-analysis -Wno-semicolon-before-method-body -Wreorder @/Users/jeremeuh/Dev/PLUGINS/MerjEQ/Builds/MacOSX/build/MerjEQ.build/Debug/MerjEQ\ -\ Shared\ Code.build/Objects-normal/x86_64/af3fcb34312c57c0f52879cdce924b91-common-args.resp -MMD -MT dependencies -MF /Users/jeremeuh/Dev/PLUGINS/MerjEQ/Builds/MacOSX/build/MerjEQ.build/Debug/MerjEQ\ -\ Shared\ Code.build/Objects-normal/x86_64/include_juce_graphics.d --serialize-diagnostics /Users/jeremeuh/Dev/PLUGINS/MerjEQ/Builds/MacOSX/build/MerjEQ.build/Debug/MerjEQ\ -\ Shared\ Code.build/Objects-normal/x86_64/include_juce_graphics.dia -c /Users/jeremeuh/Dev/PLUGINS/MerjEQ/JuceLibraryCode/include_juce_graphics.mm -o /Users/jeremeuh/Dev/PLUGINS/MerjEQ/Builds/MacOSX/build/MerjEQ.build/Debug/MerjEQ\ -\ Shared\ Code.build/Objects-normal/x86_64/include_juce_graphics.o

CompileC /Users/jeremeuh/Dev/PLUGINS/MerjEQ/Builds/MacOSX/build/MerjEQ.build/Debug/MerjEQ\ -\ Shared\ Code.build/Objects-normal/x86_64/include_juce_events.o /Users/jeremeuh/Dev/PLUGINS/MerjEQ/JuceLibraryCode/include_juce_events.mm normal x86_64 objective-c++ com.apple.compilers.llvm.clang.1_0.compiler (in target 'MerjEQ - Shared Code' from project 'MerjEQ')
    cd /Users/jeremeuh/Dev/PLUGINS/MerjEQ/Builds/MacOSX
    
    Using response file: /Users/jeremeuh/Dev/PLUGINS/MerjEQ/Builds/MacOSX/build/MerjEQ.build/Debug/MerjEQ - Shared Code.build/Objects-normal/x86_64/af3fcb34312c57c0f52879cdce924b91-common-args.resp
    
    /Applications/Xcode.app/Contents/Developer/Toolchains/XcodeDefault.xctoolchain/usr/bin/clang -x objective-c++ -ivfsstatcache /var/folders/sp/21dxgf6s089bnbz8bsmppv5m0000gn/C/com.apple.DeveloperTools/16.3-16E140/Xcode/SDKStatCaches.noindex/macosx15.4-24E241-88b860576fb364319593bd8fb30666b0.sdkstatcache -fmessage-length\=0 -fdiagnostics-show-note-include-stack -fmacro-backtrace-limit\=0 -fno-color-diagnostics -Wno-trigraphs -Wno-missing-field-initializers -Wno-missing-prototypes -Wunreachable-code -Wno-implicit-atomic-properties -Wno-objc-interface-ivars -Wno-arc-repeated-use-of-weak -Wimplicit-retain-self -Wnon-virtual-dtor -Wno-overloaded-virtual -Wno-exit-time-destructors -Wduplicate-method-match -Wno-missing-braces -Wparentheses -Wswitch -Wunused-function -Wno-unused-label -Wno-unused-parameter -Wunused-variable -Wunused-value -Wempty-body -Wuninitialized -Wno-unknown-pragmas -Wno-shadow -Wno-four-char-constants -Wno-conversion -Wconstant-conversion -Wint-conversion -Wbool-conversion -Wenum-conversion -Wno-float-conversion -Wnon-literal-null-conversion -Wobjc-literal-conversion -Wshorten-64-to-32 -Wno-newline-eof -Wno-selector -Wno-strict-selector-match -Wundeclared-selector -Wdeprecated-implementations -Wno-c++11-extensions -Wno-implicit-fallthrough -fstrict-aliasing -Wprotocol -Wdeprecated-declarations -Winvalid-offsetof -Wno-sign-conversion -Winfinite-recursion -Wmove -Wcomma -Wblock-capture-autoreleasing -Wstrict-prototypes -Wrange-loop-analysis -Wno-semicolon-before-method-body -Wreorder @/Users/jeremeuh/Dev/PLUGINS/MerjEQ/Builds/MacOSX/build/MerjEQ.build/Debug/MerjEQ\ -\ Shared\ Code.build/Objects-normal/x86_64/af3fcb34312c57c0f52879cdce924b91-common-args.resp -MMD -MT dependencies -MF /Users/jeremeuh/Dev/PLUGINS/MerjEQ/Builds/MacOSX/build/MerjEQ.build/Debug/MerjEQ\ -\ Shared\ Code.build/Objects-normal/x86_64/include_juce_events.d --serialize-diagnostics /Users/jeremeuh/Dev/PLUGINS/MerjEQ/Builds/MacOSX/build/MerjEQ.build/Debug/MerjEQ\ -\ Shared\ Code.build/Objects-normal/x86_64/include_juce_events.dia -c /Users/jeremeuh/Dev/PLUGINS/MerjEQ/JuceLibraryCode/include_juce_events.mm -o /Users/jeremeuh/Dev/PLUGINS/MerjEQ/Builds/MacOSX/build/MerjEQ.build/Debug/MerjEQ\ -\ Shared\ Code.build/Objects-normal/x86_64/include_juce_events.o

CompileC /Users/jeremeuh/Dev/PLUGINS/MerjEQ/Builds/MacOSX/build/MerjEQ.build/Debug/MerjEQ\ -\ Shared\ Code.build/Objects-normal/x86_64/include_juce_dsp.o /Users/jeremeuh/Dev/PLUGINS/MerjEQ/JuceLibraryCode/include_juce_dsp.mm normal x86_64 objective-c++ com.apple.compilers.llvm.clang.1_0.compiler (in target 'MerjEQ - Shared Code' from project 'MerjEQ')
    cd /Users/jeremeuh/Dev/PLUGINS/MerjEQ/Builds/MacOSX
    
    Using response file: /Users/jeremeuh/Dev/PLUGINS/MerjEQ/Builds/MacOSX/build/MerjEQ.build/Debug/MerjEQ - Shared Code.build/Objects-normal/x86_64/af3fcb34312c57c0f52879cdce924b91-common-args.resp
    
    /Applications/Xcode.app/Contents/Developer/Toolchains/XcodeDefault.xctoolchain/usr/bin/clang -x objective-c++ -ivfsstatcache /var/folders/sp/21dxgf6s089bnbz8bsmppv5m0000gn/C/com.apple.DeveloperTools/16.3-16E140/Xcode/SDKStatCaches.noindex/macosx15.4-24E241-88b860576fb364319593bd8fb30666b0.sdkstatcache -fmessage-length\=0 -fdiagnostics-show-note-include-stack -fmacro-backtrace-limit\=0 -fno-color-diagnostics -Wno-trigraphs -Wno-missing-field-initializers -Wno-missing-prototypes -Wunreachable-code -Wno-implicit-atomic-properties -Wno-objc-interface-ivars -Wno-arc-repeated-use-of-weak -Wimplicit-retain-self -Wnon-virtual-dtor -Wno-overloaded-virtual -Wno-exit-time-destructors -Wduplicate-method-match -Wno-missing-braces -Wparentheses -Wswitch -Wunused-function -Wno-unused-label -Wno-unused-parameter -Wunused-variable -Wunused-value -Wempty-body -Wuninitialized -Wno-unknown-pragmas -Wno-shadow -Wno-four-char-constants -Wno-conversion -Wconstant-conversion -Wint-conversion -Wbool-conversion -Wenum-conversion -Wno-float-conversion -Wnon-literal-null-conversion -Wobjc-literal-conversion -Wshorten-64-to-32 -Wno-newline-eof -Wno-selector -Wno-strict-selector-match -Wundeclared-selector -Wdeprecated-implementations -Wno-c++11-extensions -Wno-implicit-fallthrough -fstrict-aliasing -Wprotocol -Wdeprecated-declarations -Winvalid-offsetof -Wno-sign-conversion -Winfinite-recursion -Wmove -Wcomma -Wblock-capture-autoreleasing -Wstrict-prototypes -Wrange-loop-analysis -Wno-semicolon-before-method-body -Wreorder @/Users/jeremeuh/Dev/PLUGINS/MerjEQ/Builds/MacOSX/build/MerjEQ.build/Debug/MerjEQ\ -\ Shared\ Code.build/Objects-normal/x86_64/af3fcb34312c57c0f52879cdce924b91-common-args.resp -MMD -MT dependencies -MF /Users/jeremeuh/Dev/PLUGINS/MerjEQ/Builds/MacOSX/build/MerjEQ.build/Debug/MerjEQ\ -\ Shared\ Code.build/Objects-normal/x86_64/include_juce_dsp.d --serialize-diagnostics /Users/jeremeuh/Dev/PLUGINS/MerjEQ/Builds/MacOSX/build/MerjEQ.build/Debug/MerjEQ\ -\ Shared\ Code.build/Objects-normal/x86_64/include_juce_dsp.dia -c /Users/jeremeuh/Dev/PLUGINS/MerjEQ/JuceLibraryCode/include_juce_dsp.mm -o /Users/jeremeuh/Dev/PLUGINS/MerjEQ/Builds/MacOSX/build/MerjEQ.build/Debug/MerjEQ\ -\ Shared\ Code.build/Objects-normal/x86_64/include_juce_dsp.o

warning: ONLY_ACTIVE_ARCH=YES requested with multiple ARCHS and no active architecture could be computed; building for all applicable architectures (in target 'MerjEQ - AU' from project 'MerjEQ')
note: Run script build phase 'Plugin Copy Step' will be run during every build because the option to run the script phase "Based on dependency analysis" is unchecked. (in target 'MerjEQ - AU' from project 'MerjEQ')
warning: ONLY_ACTIVE_ARCH=YES requested with multiple ARCHS and no active architecture could be computed; building for all applicable architectures (in target 'MerjEQ - VST3 Manifest Helper' from project 'MerjEQ')
warning: ONLY_ACTIVE_ARCH=YES requested with multiple ARCHS and no active architecture could be computed; building for all applicable architectures (in target 'MerjEQ - All' from project 'MerjEQ')
warning: ONLY_ACTIVE_ARCH=YES requested with multiple ARCHS and no active architecture could be computed; building for all applicable architectures (in target 'MerjEQ - Standalone Plugin' from project 'MerjEQ')
warning: ONLY_ACTIVE_ARCH=YES requested with multiple ARCHS and no active architecture could be computed; building for all applicable architectures (in target 'MerjEQ - VST3' from project 'MerjEQ')
note: Run script build phase 'Plugin Copy Step' will be run during every build because the option to run the script phase "Based on dependency analysis" is unchecked. (in target 'MerjEQ - VST3' from project 'MerjEQ')
note: Run script build phase 'Update manifest' will be run during every build because the option to run the script phase "Based on dependency analysis" is unchecked. (in target 'MerjEQ - VST3' from project 'MerjEQ')
warning: ONLY_ACTIVE_ARCH=YES requested with multiple ARCHS and no active architecture could be computed; building for all applicable architectures (in target 'MerjEQ - Shared Code' from project 'MerjEQ')
